>> 4:09:42 |  61 0A 0A 	"a\n\n"
<< 4:09:42 |  55 44 42 31 32 31 30 53 0D 0A 	"UDB1210S\r\n"
>> 4:09:46 |  62 66 20 20 20 31 30 30 30 30 30 0A 0A 	"bf   100000\n\n"
<< 4:09:46 |  6F 6B 0D 0A 	"ok\r\n"
>> 4:09:46 |  62 66 20 20 20 31 32 30 30 30 30 0A 0A 	"bf   120000\n\n"
<< 4:09:46 |  6F 6B 0D 0A 	"ok\r\n"
>> 4:09:46 |  62 66 20 20 20 31 33 30 30 30 30 0A 0A 	"bf   130000\n\n"
<< 4:09:47 |  6F 6B 0D 0A 	"ok\r\n"
>> 4:09:47 |  62 66 20 20 20 31 33 30 30 30 30 0A 0A 	"bf   130000\n\n"
<< 4:09:47 |  6F 6B 0D 0A 	"ok\r\n"
>> 4:09:47 |  62 66 20 20 20 31 35 30 30 30 30 0A 0A 	"bf   150000\n\n"
<< 4:09:47 |  6F 6B 0D 0A 	"ok\r\n"
>> 4:09:48 |  62 66 20 20 20 31 36 30 30 30 30 0A 0A 	"bf   160000\n\n"
<< 4:09:48 |  6F 6B 0D 0A 	"ok\r\n"
>> 4:09:48 |  62 66 20 20 20 31 37 30 30 30 30 0A 0A 	"bf   170000\n\n"
<< 4:09:48 |  6F 6B 0D 0A 	"ok\r\n"
>> 4:09:49 |  62 66 20 20 20 31 38 30 30 30 30 0A 0A 	"bf   180000\n\n"
<< 4:09:49 |  6F 6B 0D 0A 	"ok\r\n"
>> 4:09:49 |  62 66 20 20 20 31 39 30 30 30 30 0A 0A 	"bf   190000\n\n"
<< 4:09:49 |  6F 6B 0D 0A 	"ok\r\n"
>> 4:09:49 |  62 66 20 20 20 32 30 30 30 30 30 0A 0A 	"bf   200000\n\n"
<< 4:09:49 |  6F 6B 0D 0A 	"ok\r\n"
>> 4:09:51 |  62 66 20 20 20 31 39 30 30 30 30 0A 0A 	"bf   190000\n\n"
<< 4:09:51 |  6F 6B 0D 0A 	"ok\r\n"
>> 4:09:51 |  62 66 20 20 20 31 38 30 30 30 30 0A 0A 	"bf   180000\n\n"
<< 4:09:51 |  6F 6B 0D 0A 	"ok\r\n"
>> 4:09:51 |  62 66 20 20 20 31 37 30 30 30 30 0A 0A 	"bf   170000\n\n"
<< 4:09:52 |  6F 6B 0D 0A 	"ok\r\n"
>> 4:09:52 |  62 66 20 20 20 31 36 30 30 30 30 0A 0A 	"bf   160000\n\n"
<< 4:09:52 |  6F 6B 0D 0A 	"ok\r\n"
>> 4:09:52 |  62 66 20 20 20 31 35 30 30 30 30 0A 0A 	"bf   150000\n\n"
<< 4:09:52 |  6F 6B 0D 0A 	"ok\r\n"
>> 4:09:52 |  62 66 20 20 20 31 34 30 30 30 30 0A 0A 	"bf   140000\n\n"
<< 4:09:52 |  6F 	"o"
>> 4:09:53 |  62 66 20 20 20 31 33 30 30 30 30 0A 0A 	"bf   130000\n\n"
<< 4:09:53 |  6B 0D 0A 6F 6B 0D 0A 	"k\r\nok\r\n"
>> 4:09:53 |  62 66 20 20 20 31 32 30 30 30 30 0A 0A 	"bf   120000\n\n"
<< 4:09:53 |  6F 6B 0D 0A 	"ok\r\n"
>> 4:09:53 |  62 66 20 20 20 31 31 30 30 30 30 0A 0A 	"bf   110000\n\n"
<< 4:09:53 |  6F 6B 0D 0A 	"ok\r\n"
>> 4:09:54 |  62 66 20 20 20 31 30 30 30 30 30 0A 0A 	"bf   100000\n\n"
<< 4:09:54 |  6F 6B 0D 0A 	"ok\r\n"
>> 4:10:07 |  62 75 33 0A 0A 	"bu3\n\n"
<< 4:10:07 |  6F 6B 0D 0A 	"ok\r\n"
>> 4:10:07 |  62 66 20 20 31 30 30 30 30 30 30 0A 0A 	"bf  1000000\n\n"
<< 4:10:07 |  6F 6B 0D 0A 	"ok\r\n"
>> 4:10:11 |  62 66 20 20 31 30 30 30 30 30 30 0A 0A 	"bf  1000000\n\n"
<< 4:10:11 |  6F 6B 0D 0A 	"ok\r\n"
>> 4:10:11 |  62 66 20 20 31 30 30 30 30 30 30 0A 0A 	"bf  1000000\n\n"
<< 4:10:11 |  6F 6B 0D 0A 	"ok\r\n"
>> 4:10:12 |  62 66 20 20 31 30 30 30 30 30 30 0A 0A 	"bf  1000000\n\n"
<< 4:10:12 |  6F 6B 0D 0A 	"ok\r\n"
>> 4:10:12 |  62 66 20 20 31 30 30 30 30 30 30 0A 0A 	"bf  1000000\n\n"
<< 4:10:12 |  6F 6B 0D 0A 	"ok\r\n"
>> 4:10:13 |  62 66 20 20 20 20 20 20 20 20 30 0A 0A 	"bf        0\n\n"
<< 4:10:13 |  6F 6B 0D 0A 	"ok\r\n"
>> 4:10:13 |  62 66 20 20 20 20 20 20 20 20 30 0A 0A 	"bf        0\n\n"
<< 4:10:13 |  6F 6B 0D 0A 	"ok\r\n"
>> 4:10:14 |  62 66 20 20 31 30 30 30 30 30 30 0A 0A 	"bf  1000000\n\n"
<< 4:10:14 |  6F 6B 0D 0A 	"ok\r\n"
>> 4:10:22 |  62 66 20 20 20 20 20 20 20 20 30 0A 0A 	"bf        0\n\n"
<< 4:10:22 |  6F 6B 0D 0A 	"ok\r\n"
>> 4:10:27 |  62 66 20 20 31 30 30 30 30 30 30 0A 0A 	"bf  1000000\n\n"
<< 4:10:27 |  6F 6B 0D 0A 	"ok\r\n"
>> 4:10:38 |  62 75 31 0A 0A 	"bu1\n\n"
<< 4:10:38 |  6F 6B 0D 0A 	"ok\r\n"
>> 4:10:38 |  62 66 20 20 20 20 31 30 30 30 30 0A 0A 	"bf    10000\n\n"
<< 4:10:38 |  6F 6B 0D 0A 	"ok\r\n"
>> 4:10:41 |  62 66 20 20 20 20 20 20 20 20 30 0A 0A 	"bf        0\n\n"
<< 4:10:41 |  6F 6B 0D 0A 	"ok\r\n"
>> 4:10:48 |  62 66 20 20 20 20 20 20 20 20 30 0A 0A 	"bf        0\n\n"
<< 4:10:48 |  6F 6B 0D 0A 	"ok\r\n"
>> 4:10:53 |  62 66 20 20 20 20 20 20 20 20 31 0A 0A 	"bf        1\n\n"
<< 4:10:53 |  6F 6B 0D 0A 	"ok\r\n"
>> 4:11:07 |  62 66 31 30 30 30 30 30 30 30 30 0A 0A 	"bf100000000\n\n"
<< 4:11:07 |  6F 6B 0D 0A 	"ok\r\n"
>> 4:11:11 |  62 64 34 39 0A 0A 	"bd49\n\n"
<< 4:11:11 |  6F 6B 0D 0A 	"ok\r\n"
>> 4:11:11 |  62 64 34 38 0A 0A 	"bd48\n\n"
<< 4:11:11 |  6F 6B 0D 0A 	"ok\r\n"
>> 4:11:11 |  62 64 34 35 0A 0A 	"bd45\n\n"
<< 4:11:11 |  6F 6B 0D 0A 	"ok\r\n"
>> 4:11:11 |  62 64 34 33 0A 0A 	"bd43\n\n"
<< 4:11:11 |  6F 6B 0D 0A 	"ok\r\n"
>> 4:11:11 |  62 64 33 39 0A 0A 	"bd39\n\n"
<< 4:11:11 |  6F 6B 0D 0A 	"ok\r\n"
>> 4:11:12 |  62 64 33 36 0A 0A 	"bd36\n\n"
<< 4:11:12 |  6F 6B 0D 0A 	"ok\r\n"
>> 4:11:12 |  62 64 33 35 0A 0A 	"bd35\n\n"
<< 4:11:12 |  6F 6B 0D 0A 	"ok\r\n"
>> 4:11:12 |  62 64 33 32 0A 0A 	"bd32\n\n"
<< 4:11:12 |  6F 6B 0D 0A 	"ok\r\n"
>> 4:11:12 |  62 64 33 31 0A 0A 	"bd31\n\n"
<< 4:11:12 |  6F 6B 0D 0A 	"ok\r\n"
>> 4:11:12 |  62 64 33 30 0A 0A 	"bd30\n\n"
<< 4:11:12 |  6F 6B 0D 0A 	"ok\r\n"
>> 4:11:12 |  62 64 32 39 0A 0A 	"bd29\n\n"
<< 4:11:12 |  6F 6B 0D 0A 	"ok\r\n"
>> 4:11:12 |  62 64 32 38 0A 0A 	"bd28\n\n"
<< 4:11:12 |  6F 6B 0D 0A 	"ok\r\n"
>> 4:11:12 |  62 64 32 36 0A 0A 	"bd26\n\n"
<< 4:11:12 |  6F 6B 0D 0A 	"ok\r\n"
>> 4:11:12 |  62 64 32 34 0A 0A 	"bd24\n\n"
<< 4:11:12 |  6F 6B 0D 0A 	"ok\r\n"
>> 4:11:12 |  62 64 32 32 0A 0A 	"bd22\n\n"
<< 4:11:12 |  6F 6B 0D 0A 	"ok\r\n"
>> 4:11:12 |  62 64 32 30 0A 0A 	"bd20\n\n"
<< 4:11:12 |  6F 6B 0D 0A 	"ok\r\n"
>> 4:11:12 |  62 64 31 37 0A 0A 	"bd17\n\n"
<< 4:11:12 |  6F 6B 0D 0A 	"ok\r\n"
>> 4:11:12 |  62 64 31 36 0A 0A 	"bd16\n\n"
<< 4:11:12 |  6F 6B 0D 0A 	"ok\r\n"
>> 4:11:12 |  62 64 31 35 0A 0A 	"bd15\n\n"
<< 4:11:12 |  6F 6B 0D 0A 	"ok\r\n"
>> 4:11:12 |  62 64 31 34 0A 0A 	"bd14\n\n"
<< 4:11:12 |  6F 6B 0D 0A 	"ok\r\n"
>> 4:11:12 |  62 64 31 32 0A 0A 	"bd12\n\n"
<< 4:11:12 |  6F 6B 0D 0A 	"ok\r\n"
>> 4:11:12 |  62 64 20 39 0A 0A 	"bd 9\n\n"
<< 4:11:12 |  6F 6B 0D 0A 	"ok\r\n"
>> 4:11:12 |  62 64 20 35 0A 0A 	"bd 5\n\n"
>> 4:11:12 |  62 64 20 31 0A 0A 	"bd 1\n\n"
<< 4:11:12 |  6F 6B 0D 0A 6F 6B 0D 0A 	"ok\r\nok\r\n"
>> 4:11:13 |  62 64 20 32 0A 0A 	"bd 2\n\n"
<< 4:11:13 |  6F 6B 0D 0A 	"ok\r\n"
>> 4:11:13 |  62 64 20 34 0A 0A 	"bd 4\n\n"
<< 4:11:13 |  6F 6B 0D 0A 	"ok\r\n"
>> 4:11:13 |  62 64 31 30 0A 0A 	"bd10\n\n"
<< 4:11:13 |  6F 6B 0D 0A 	"ok\r\n"
>> 4:11:13 |  62 64 31 35 0A 0A 	"bd15\n\n"
<< 4:11:13 |  6F 6B 0D 0A 	"ok\r\n"
>> 4:11:13 |  62 64 32 31 0A 0A 	"bd21\n\n"
<< 4:11:13 |  6F 6B 0D 0A 	"ok\r\n"
>> 4:11:13 |  62 64 32 37 0A 0A 	"bd27\n\n"
<< 4:11:13 |  6F 6B 0D 0A 	"ok\r\n"
>> 4:11:13 |  62 64 33 31 0A 0A 	"bd31\n\n"
<< 4:11:13 |  6F 6B 0D 0A 	"ok\r\n"
>> 4:11:13 |  62 64 33 36 0A 0A 	"bd36\n\n"
<< 4:11:13 |  6F 	"o"
>> 4:11:13 |  62 64 33 37 0A 0A 	"bd37\n\n"
<< 4:11:13 |  6B 0D 0A 6F 6B 0D 0A 	"k\r\nok\r\n"
>> 4:11:13 |  62 64 33 38 0A 0A 	"bd38\n\n"
<< 4:11:13 |  6F 	"o"
>> 4:11:13 |  62 64 33 39 0A 0A 	"bd39\n\n"
<< 4:11:13 |  6B 0D 0A 6F 6B 0D 0A 	"k\r\nok\r\n"
>> 4:11:13 |  62 64 34 31 0A 0A 	"bd41\n\n"
<< 4:11:13 |  6F 6B 0D 0A 	"ok\r\n"
>> 4:11:13 |  62 64 34 34 0A 0A 	"bd44\n\n"
<< 4:11:13 |  6F 6B 0D 0A 	"ok\r\n"
>> 4:11:13 |  62 64 34 37 0A 0A 	"bd47\n\n"
<< 4:11:13 |  6F 6B 0D 0A 	"ok\r\n"
>> 4:11:13 |  62 64 35 30 0A 0A 	"bd50\n\n"
<< 4:11:13 |  6F 6B 0D 0A 	"ok\r\n"
>> 4:11:13 |  62 64 35 33 0A 0A 	"bd53\n\n"
<< 4:11:14 |  6F 6B 0D 0A 	"ok\r\n"
>> 4:11:14 |  62 64 35 36 0A 0A 	"bd56\n\n"
<< 4:11:14 |  6F 6B 0D 0A 	"ok\r\n"
>> 4:11:14 |  62 64 35 39 0A 0A 	"bd59\n\n"
<< 4:11:14 |  6F 6B 0D 0A 	"ok\r\n"
>> 4:11:14 |  62 64 36 32 0A 0A 	"bd62\n\n"
<< 4:11:14 |  6F 6B 0D 0A 	"ok\r\n"
>> 4:11:14 |  62 64 36 35 0A 0A 	"bd65\n\n"
<< 4:11:14 |  6F 6B 0D 0A 	"ok\r\n"
>> 4:11:14 |  62 64 37 30 0A 0A 	"bd70\n\n"
<< 4:11:14 |  6F 6B 0D 0A 	"ok\r\n"
>> 4:11:14 |  62 64 37 36 0A 0A 	"bd76\n\n"
<< 4:11:14 |  6F 6B 0D 0A 	"ok\r\n"
>> 4:11:14 |  62 64 38 35 0A 0A 	"bd85\n\n"
<< 4:11:14 |  6F 6B 0D 0A 	"ok\r\n"
>> 4:11:14 |  62 64 39 39 0A 0A 	"bd99\n\n"
<< 4:11:14 |  6F 6B 0D 0A 	"ok\r\n"
>> 4:11:14 |  62 64 39 38 0A 0A 	"bd98\n\n"
<< 4:11:14 |  6F 6B 0D 0A 	"ok\r\n"
>> 4:11:15 |  62 64 39 37 0A 0A 	"bd97\n\n"
<< 4:11:15 |  6F 6B 0D 0A 	"ok\r\n"
>> 4:11:15 |  62 64 39 36 0A 0A 	"bd96\n\n"
<< 4:11:15 |  6F 6B 0D 0A 	"ok\r\n"
>> 4:11:15 |  62 64 39 35 0A 0A 	"bd95\n\n"
<< 4:11:15 |  6F 6B 0D 0A 	"ok\r\n"
>> 4:11:15 |  62 64 39 34 0A 0A 	"bd94\n\n"
<< 4:11:15 |  6F 6B 0D 0A 	"ok\r\n"
>> 4:11:15 |  62 64 39 33 0A 0A 	"bd93\n\n"
<< 4:11:15 |  6F 6B 0D 0A 	"ok\r\n"
>> 4:11:15 |  62 64 39 32 0A 0A 	"bd92\n\n"
<< 4:11:15 |  6F 6B 0D 0A 	"ok\r\n"
>> 4:11:15 |  62 64 39 30 0A 0A 	"bd90\n\n"
<< 4:11:15 |  6F 6B 0D 0A 	"ok\r\n"
>> 4:11:15 |  62 64 38 38 0A 0A 	"bd88\n\n"
<< 4:11:15 |  6F 6B 0D 0A 	"ok\r\n"
>> 4:11:15 |  62 64 38 37 0A 0A 	"bd87\n\n"
<< 4:11:15 |  6F 6B 0D 0A 	"ok\r\n"
>> 4:11:15 |  62 64 38 36 0A 0A 	"bd86\n\n"
<< 4:11:15 |  6F 6B 0D 0A 	"ok\r\n"
>> 4:11:15 |  62 64 38 37 0A 0A 	"bd87\n\n"
<< 4:11:15 |  6F 6B 0D 0A 	"ok\r\n"
>> 4:11:15 |  62 64 38 38 0A 0A 	"bd88\n\n"
<< 4:11:15 |  6F 6B 0D 0A 	"ok\r\n"
>> 4:11:15 |  62 64 38 39 0A 0A 	"bd89\n\n"
<< 4:11:16 |  6F 6B 0D 0A 	"ok\r\n"
>> 4:11:16 |  62 64 39 30 0A 0A 	"bd90\n\n"
<< 4:11:16 |  6F 6B 0D 0A 	"ok\r\n"
>> 4:11:16 |  62 64 39 32 0A 0A 	"bd92\n\n"
<< 4:11:16 |  6F 6B 0D 0A 	"ok\r\n"
>> 4:11:16 |  62 64 39 33 0A 0A 	"bd93\n\n"
<< 4:11:16 |  6F 6B 0D 0A 	"ok\r\n"
>> 4:11:16 |  62 64 39 34 0A 0A 	"bd94\n\n"
<< 4:11:16 |  6F 6B 0D 0A 	"ok\r\n"
>> 4:11:16 |  62 64 39 35 0A 0A 	"bd95\n\n"
<< 4:11:16 |  6F 6B 0D 0A 	"ok\r\n"
>> 4:11:16 |  62 64 39 36 0A 0A 	"bd96\n\n"
<< 4:11:16 |  6F 6B 0D 0A 	"ok\r\n"
>> 4:11:16 |  62 64 39 38 0A 0A 	"bd98\n\n"
<< 4:11:16 |  6F 6B 0D 0A 	"ok\r\n"
>> 4:11:16 |  62 64 39 39 0A 0A 	"bd99\n\n"
<< 4:11:16 |  6F 6B 0D 0A 	"ok\r\n"
>> 4:11:16 |  62 64 39 38 0A 0A 	"bd98\n\n"
<< 4:11:16 |  6F 6B 0D 0A 	"ok\r\n"
>> 4:11:16 |  62 64 39 39 0A 0A 	"bd99\n\n"
<< 4:11:16 |  6F 6B 0D 0A 	"ok\r\n"
>> 4:11:16 |  62 64 39 38 0A 0A 	"bd98\n\n"
<< 4:11:16 |  6F 6B 0D 0A 	"ok\r\n"
>> 4:11:16 |  62 64 39 37 0A 0A 	"bd97\n\n"
<< 4:11:16 |  6F 6B 0D 0A 	"ok\r\n"
>> 4:11:16 |  62 64 39 38 0A 0A 	"bd98\n\n"
<< 4:11:16 |  6F 6B 0D 0A 	"ok\r\n"
>> 4:11:16 |  62 64 39 37 0A 0A 	"bd97\n\n"
<< 4:11:16 |  6F 6B 0D 0A 	"ok\r\n"
>> 4:11:16 |  62 64 39 39 0A 0A 	"bd99\n\n"
<< 4:11:16 |  6F 6B 0D 0A 	"ok\r\n"
>> 4:11:17 |  62 64 39 38 0A 0A 	"bd98\n\n"
<< 4:11:17 |  6F 6B 0D 0A 	"ok\r\n"
>> 4:11:17 |  62 64 39 37 0A 0A 	"bd97\n\n"
<< 4:11:17 |  6F 6B 0D 0A 	"ok\r\n"
>> 4:11:17 |  62 64 39 36 0A 0A 	"bd96\n\n"
<< 4:11:17 |  6F 6B 0D 0A 	"ok\r\n"
>> 4:11:18 |  62 64 39 35 0A 0A 	"bd95\n\n"
>> 4:11:18 |  62 64 39 34 0A 0A 	"bd94\n\n"
<< 4:11:18 |  6F 6B 0D 0A 6F 6B 0D 0A 	"ok\r\nok\r\n"
>> 4:11:18 |  62 64 39 35 0A 0A 	"bd95\n\n"
<< 4:11:18 |  6F 6B 0D 0A 	"ok\r\n"
>> 4:11:19 |  62 64 39 36 0A 0A 	"bd96\n\n"
<< 4:11:19 |  6F 6B 0D 0A 	"ok\r\n"
>> 4:11:19 |  62 64 39 35 0A 0A 	"bd95\n\n"
<< 4:11:19 |  6F 6B 0D 0A 	"ok\r\n"
>> 4:11:19 |  62 64 39 34 0A 0A 	"bd94\n\n"
<< 4:11:19 |  6F 6B 0D 0A 	"ok\r\n"
>> 4:11:19 |  62 64 39 33 0A 0A 	"bd93\n\n"
<< 4:11:19 |  6F 6B 0D 0A 	"ok\r\n"
>> 4:11:19 |  62 64 39 32 0A 0A 	"bd92\n\n"
<< 4:11:19 |  6F 6B 0D 0A 	"ok\r\n"
>> 4:11:19 |  62 64 39 31 0A 0A 	"bd91\n\n"
<< 4:11:19 |  6F 6B 0D 0A 	"ok\r\n"
>> 4:11:19 |  62 64 38 39 0A 0A 	"bd89\n\n"
<< 4:11:19 |  6F 6B 0D 0A 	"ok\r\n"
>> 4:11:19 |  62 64 38 37 0A 0A 	"bd87\n\n"
<< 4:11:19 |  6F 6B 0D 0A 	"ok\r\n"
>> 4:11:19 |  62 64 38 35 0A 0A 	"bd85\n\n"
<< 4:11:19 |  6F 6B 0D 0A 	"ok\r\n"
>> 4:11:19 |  62 64 38 34 0A 0A 	"bd84\n\n"
<< 4:11:19 |  6F 6B 0D 0A 	"ok\r\n"
>> 4:11:19 |  62 64 38 32 0A 0A 	"bd82\n\n"
<< 4:11:19 |  6F 6B 0D 0A 	"ok\r\n"
>> 4:11:19 |  62 64 37 35 0A 0A 	"bd75\n\n"
<< 4:11:19 |  6F 6B 0D 0A 	"ok\r\n"
>> 4:11:19 |  62 64 37 33 0A 0A 	"bd73\n\n"
<< 4:11:19 |  6F 6B 0D 0A 	"ok\r\n"
>> 4:11:20 |  62 64 37 32 0A 0A 	"bd72\n\n"
<< 4:11:20 |  6F 6B 0D 0A 	"ok\r\n"
>> 4:11:20 |  62 64 37 31 0A 0A 	"bd71\n\n"
<< 4:11:20 |  6F 6B 0D 0A 	"ok\r\n"
>> 4:11:20 |  62 64 37 32 0A 0A 	"bd72\n\n"
<< 4:11:20 |  6F 6B 0D 0A 	"ok\r\n"
>> 4:11:20 |  62 64 37 31 0A 0A 	"bd71\n\n"
<< 4:11:20 |  6F 6B 0D 0A 	"ok\r\n"
>> 4:11:21 |  62 64 37 30 0A 0A 	"bd70\n\n"
<< 4:11:21 |  6F 6B 0D 0A 	"ok\r\n"
>> 4:11:21 |  62 64 36 39 0A 0A 	"bd69\n\n"
<< 4:11:21 |  6F 6B 0D 0A 	"ok\r\n"
>> 4:11:21 |  62 64 37 30 0A 0A 	"bd70\n\n"
<< 4:11:21 |  6F 6B 0D 0A 	"ok\r\n"
>> 4:11:21 |  62 64 37 31 0A 0A 	"bd71\n\n"
<< 4:11:21 |  6F 6B 0D 0A 	"ok\r\n"
>> 4:11:21 |  62 64 37 34 0A 0A 	"bd74\n\n"
<< 4:11:21 |  6F 6B 0D 0A 	"ok\r\n"
>> 4:11:21 |  62 64 37 38 0A 0A 	"bd78\n\n"
<< 4:11:21 |  6F 6B 0D 0A 	"ok\r\n"
>> 4:11:21 |  62 64 38 33 0A 0A 	"bd83\n\n"
<< 4:11:21 |  6F 6B 0D 0A 	"ok\r\n"
>> 4:11:21 |  62 64 38 36 0A 0A 	"bd86\n\n"
<< 4:11:21 |  6F 6B 0D 0A 	"ok\r\n"
>> 4:11:21 |  62 64 39 30 0A 0A 	"bd90\n\n"
<< 4:11:21 |  6F 6B 0D 0A 	"ok\r\n"
>> 4:11:21 |  62 64 39 31 0A 0A 	"bd91\n\n"
<< 4:11:21 |  6F 6B 0D 0A 	"ok\r\n"
>> 4:11:21 |  62 64 39 32 0A 0A 	"bd92\n\n"
<< 4:11:21 |  6F 6B 0D 0A 	"ok\r\n"
>> 4:11:21 |  62 64 39 33 0A 0A 	"bd93\n\n"
<< 4:11:21 |  6F 6B 0D 0A 	"ok\r\n"
>> 4:11:21 |  62 64 39 34 0A 0A 	"bd94\n\n"
<< 4:11:21 |  6F 6B 0D 0A 	"ok\r\n"
>> 4:11:21 |  62 64 39 35 0A 0A 	"bd95\n\n"
<< 4:11:22 |  6F 6B 0D 0A 	"ok\r\n"
>> 4:11:22 |  62 64 39 37 0A 0A 	"bd97\n\n"
<< 4:11:22 |  6F 	"o"
>> 4:11:22 |  62 64 39 39 0A 0A 	"bd99\n\n"
<< 4:11:22 |  6B 0D 0A 6F 	"k\r\no"
>> 4:11:23 |  62 64 39 38 0A 0A 	"bd98\n\n"
<< 4:11:23 |  6B 0D 0A 6F 6B 0D 0A 	"k\r\nok\r\n"
>> 4:11:23 |  62 64 39 37 0A 0A 	"bd97\n\n"
<< 4:11:23 |  6F 6B 0D 0A 	"ok\r\n"
>> 4:11:23 |  62 64 39 34 0A 0A 	"bd94\n\n"
<< 4:11:23 |  6F 6B 0D 0A 	"ok\r\n"
>> 4:11:23 |  62 64 39 31 0A 0A 	"bd91\n\n"
<< 4:11:23 |  6F 6B 0D 0A 	"ok\r\n"
>> 4:11:23 |  62 64 38 36 0A 0A 	"bd86\n\n"
<< 4:11:23 |  6F 6B 0D 0A 	"ok\r\n"
>> 4:11:23 |  62 64 37 30 0A 0A 	"bd70\n\n"
<< 4:11:23 |  6F 6B 0D 0A 	"ok\r\n"
>> 4:11:23 |  62 64 36 37 0A 0A 	"bd67\n\n"
<< 4:11:23 |  6F 6B 0D 0A 	"ok\r\n"
>> 4:11:23 |  62 64 36 34 0A 0A 	"bd64\n\n"
<< 4:11:23 |  6F 6B 0D 0A 	"ok\r\n"
>> 4:11:23 |  62 64 36 31 0A 0A 	"bd61\n\n"
<< 4:11:23 |  6F 	"o"
>> 4:11:23 |  62 64 35 39 0A 0A 	"bd59\n\n"
<< 4:11:23 |  6B 0D 0A 6F 6B 0D 0A 	"k\r\nok\r\n"
>> 4:11:23 |  62 64 35 37 0A 0A 	"bd57\n\n"
<< 4:11:23 |  6F 6B 0D 0A 	"ok\r\n"
>> 4:11:23 |  62 64 35 35 0A 0A 	"bd55\n\n"
<< 4:11:23 |  6F 6B 0D 0A 	"ok\r\n"
>> 4:11:23 |  62 64 35 34 0A 0A 	"bd54\n\n"
<< 4:11:23 |  6F 6B 0D 0A 	"ok\r\n"
>> 4:11:23 |  62 64 35 32 0A 0A 	"bd52\n\n"
<< 4:11:23 |  6F 6B 0D 0A 	"ok\r\n"
>> 4:11:23 |  62 64 34 39 0A 0A 	"bd49\n\n"
<< 4:11:23 |  6F 6B 0D 0A 	"ok\r\n"
>> 4:11:23 |  62 64 34 38 0A 0A 	"bd48\n\n"
<< 4:11:23 |  6F 6B 0D 0A 	"ok\r\n"
>> 4:11:23 |  62 64 34 31 0A 0A 	"bd41\n\n"
<< 4:11:23 |  6F 6B 0D 0A 	"ok\r\n"
>> 4:11:23 |  62 64 33 35 0A 0A 	"bd35\n\n"
<< 4:11:23 |  6F 6B 0D 0A 	"ok\r\n"
>> 4:11:24 |  62 64 32 33 0A 0A 	"bd23\n\n"
<< 4:11:24 |  6F 6B 0D 0A 	"ok\r\n"
>> 4:11:24 |  62 64 31 35 0A 0A 	"bd15\n\n"
<< 4:11:24 |  6F 6B 0D 0A 	"ok\r\n"
>> 4:11:24 |  62 64 31 31 0A 0A 	"bd11\n\n"
<< 4:11:24 |  6F 6B 0D 0A 	"ok\r\n"
>> 4:11:24 |  62 64 20 38 0A 0A 	"bd 8\n\n"
<< 4:11:24 |  6F 6B 0D 0A 	"ok\r\n"
>> 4:11:24 |  62 64 20 37 0A 0A 	"bd 7\n\n"
<< 4:11:24 |  6F 6B 0D 0A 	"ok\r\n"
>> 4:11:24 |  62 64 20 36 0A 0A 	"bd 6\n\n"
<< 4:11:24 |  6F 6B 0D 0A 	"ok\r\n"
>> 4:11:24 |  62 64 20 35 0A 0A 	"bd 5\n\n"
<< 4:11:24 |  6F 6B 0D 0A 	"ok\r\n"
>> 4:11:24 |  62 64 20 34 0A 0A 	"bd 4\n\n"
<< 4:11:24 |  6F 6B 0D 0A 	"ok\r\n"
>> 4:11:24 |  62 64 20 31 0A 0A 	"bd 1\n\n"
<< 4:11:24 |  6F 6B 0D 0A 	"ok\r\n"
>> 4:11:25 |  62 64 20 33 0A 0A 	"bd 3\n\n"
<< 4:11:25 |  6F 6B 0D 0A 	"ok\r\n"
>> 4:11:25 |  62 64 20 35 0A 0A 	"bd 5\n\n"
<< 4:11:25 |  6F 6B 0D 0A 	"ok\r\n"
>> 4:11:25 |  62 64 31 31 0A 0A 	"bd11\n\n"
<< 4:11:25 |  6F 6B 0D 0A 	"ok\r\n"
>> 4:11:26 |  62 64 31 38 0A 0A 	"bd18\n\n"
<< 4:11:26 |  6F 6B 0D 0A 	"ok\r\n"
>> 4:11:26 |  62 64 32 33 0A 0A 	"bd23\n\n"
<< 4:11:26 |  6F 6B 0D 0A 	"ok\r\n"
>> 4:11:26 |  62 64 32 38 0A 0A 	"bd28\n\n"
<< 4:11:26 |  6F 6B 0D 0A 	"ok\r\n"
>> 4:11:26 |  62 64 33 34 0A 0A 	"bd34\n\n"
<< 4:11:26 |  6F 6B 0D 0A 	"ok\r\n"
>> 4:11:26 |  62 64 33 38 0A 0A 	"bd38\n\n"
<< 4:11:26 |  6F 6B 0D 0A 	"ok\r\n"
>> 4:11:26 |  62 64 34 31 0A 0A 	"bd41\n\n"
<< 4:11:26 |  6F 6B 0D 0A 	"ok\r\n"
>> 4:11:26 |  62 64 34 32 0A 0A 	"bd42\n\n"
<< 4:11:26 |  6F 6B 0D 0A 	"ok\r\n"
>> 4:11:26 |  62 64 34 34 0A 0A 	"bd44\n\n"
<< 4:11:26 |  6F 6B 0D 0A 	"ok\r\n"
>> 4:11:26 |  62 64 35 38 0A 0A 	"bd58\n\n"
<< 4:11:26 |  6F 6B 0D 0A 	"ok\r\n"
>> 4:11:26 |  62 64 36 36 0A 0A 	"bd66\n\n"
<< 4:11:26 |  6F 6B 0D 0A 	"ok\r\n"
>> 4:11:26 |  62 64 37 34 0A 0A 	"bd74\n\n"
<< 4:11:26 |  6F 6B 0D 0A 	"ok\r\n"
>> 4:11:26 |  62 64 38 33 0A 0A 	"bd83\n\n"
<< 4:11:26 |  6F 6B 0D 0A 	"ok\r\n"
>> 4:11:26 |  62 64 38 37 0A 0A 	"bd87\n\n"
<< 4:11:26 |  6F 6B 0D 0A 	"ok\r\n"
>> 4:11:26 |  62 64 39 30 0A 0A 	"bd90\n\n"
<< 4:11:26 |  6F 6B 0D 0A 	"ok\r\n"
>> 4:11:26 |  62 64 39 32 0A 0A 	"bd92\n\n"
<< 4:11:26 |  6F 6B 0D 0A 	"ok\r\n"
>> 4:11:26 |  62 64 39 34 0A 0A 	"bd94\n\n"
<< 4:11:26 |  6F 6B 0D 0A 	"ok\r\n"
>> 4:11:26 |  62 64 39 37 0A 0A 	"bd97\n\n"
<< 4:11:26 |  6F 6B 0D 0A 	"ok\r\n"
>> 4:11:26 |  62 64 39 38 0A 0A 	"bd98\n\n"
<< 4:11:26 |  6F 6B 0D 0A 	"ok\r\n"
>> 4:11:26 |  62 64 39 39 0A 0A 	"bd99\n\n"
<< 4:11:26 |  6F 6B 0D 0A 	"ok\r\n"
>> 4:11:27 |  62 64 39 38 0A 0A 	"bd98\n\n"
<< 4:11:27 |  6F 6B 0D 0A 	"ok\r\n"
>> 4:11:27 |  62 64 39 37 0A 0A 	"bd97\n\n"
<< 4:11:27 |  6F 6B 0D 0A 	"ok\r\n"
>> 4:11:27 |  62 64 39 36 0A 0A 	"bd96\n\n"
<< 4:11:27 |  6F 6B 0D 0A 	"ok\r\n"
>> 4:11:27 |  62 64 39 35 0A 0A 	"bd95\n\n"
<< 4:11:27 |  6F 6B 0D 0A 	"ok\r\n"
>> 4:11:27 |  62 64 39 33 0A 0A 	"bd93\n\n"
<< 4:11:27 |  6F 6B 0D 0A 	"ok\r\n"
>> 4:11:27 |  62 64 39 30 0A 0A 	"bd90\n\n"
<< 4:11:27 |  6F 6B 0D 0A 	"ok\r\n"
>> 4:11:27 |  62 64 38 30 0A 0A 	"bd80\n\n"
<< 4:11:27 |  6F 6B 0D 0A 	"ok\r\n"
>> 4:11:27 |  62 64 37 36 0A 0A 	"bd76\n\n"
>> 4:11:27 |  62 64 37 33 0A 0A 	"bd73\n\n"
<< 4:11:27 |  6F 6B 0D 0A 6F 6B 0D 0A 	"ok\r\nok\r\n"
>> 4:11:27 |  62 64 37 32 0A 0A 	"bd72\n\n"
<< 4:11:28 |  6F 6B 0D 0A 	"ok\r\n"
>> 4:11:28 |  62 64 36 38 0A 0A 	"bd68\n\n"
<< 4:11:28 |  6F 6B 0D 0A 	"ok\r\n"
>> 4:11:28 |  62 64 36 34 0A 0A 	"bd64\n\n"
<< 4:11:28 |  6F 6B 0D 0A 	"ok\r\n"
>> 4:11:28 |  62 64 36 31 0A 0A 	"bd61\n\n"
<< 4:11:28 |  6F 6B 0D 0A 	"ok\r\n"
>> 4:11:28 |  62 64 36 30 0A 0A 	"bd60\n\n"
<< 4:11:28 |  6F 6B 0D 0A 	"ok\r\n"
>> 4:11:28 |  62 64 36 31 0A 0A 	"bd61\n\n"
<< 4:11:28 |  6F 6B 0D 0A 	"ok\r\n"
>> 4:11:28 |  62 64 36 32 0A 0A 	"bd62\n\n"
<< 4:11:28 |  6F 6B 0D 0A 	"ok\r\n"
>> 4:11:29 |  62 64 35 30 0A 0A 	"bd50\n\n"
<< 4:11:29 |  6F 6B 0D 0A 	"ok\r\n"
>> 4:11:30 |  62 64 35 30 0A 0A 	"bd50\n\n"
<< 4:11:30 |  6F 6B 0D 0A 	"ok\r\n"
>> 4:11:31 |  62 64 35 30 0A 0A 	"bd50\n\n"
<< 4:11:31 |  6F 6B 0D 0A 	"ok\r\n"
>> 4:11:31 |  62 64 35 30 0A 0A 	"bd50\n\n"
<< 4:11:31 |  6F 6B 0D 0A 	"ok\r\n"
>> 4:11:36 |  62 77 31 0A 0A 	"bw1\n\n"
<< 4:11:36 |  6F 6B 0D 0A 	"ok\r\n"
>> 4:11:38 |  62 77 32 0A 0A 	"bw2\n\n"
<< 4:11:38 |  6F 6B 0D 0A 	"ok\r\n"
>> 4:11:40 |  62 77 31 0A 0A 	"bw1\n\n"
<< 4:11:40 |  6F 6B 0D 0A 	"ok\r\n"
>> 4:11:41 |  62 77 30 0A 0A 	"bw0\n\n"
<< 4:11:41 |  6F 6B 0D 0A 	"ok\r\n"
>> 4:11:49 |  62 61 32 35 34 0A 0A 	"ba254\n\n"
<< 4:11:49 |  6F 6B 0D 0A 	"ok\r\n"
>> 4:11:49 |  62 61 32 35 33 0A 0A 	"ba253\n\n"
<< 4:11:49 |  6F 6B 0D 0A 	"ok\r\n"
>> 4:11:50 |  62 61 32 35 32 0A 0A 	"ba252\n\n"
<< 4:11:50 |  6F 6B 0D 0A 	"ok\r\n"
>> 4:11:50 |  62 61 32 35 31 0A 0A 	"ba251\n\n"
<< 4:11:50 |  6F 6B 0D 0A 	"ok\r\n"
>> 4:11:50 |  62 61 32 35 30 0A 0A 	"ba250\n\n"
<< 4:11:50 |  6F 6B 0D 0A 	"ok\r\n"
>> 4:11:51 |  62 61 32 34 39 0A 0A 	"ba249\n\n"
<< 4:11:51 |  6F 6B 0D 0A 	"ok\r\n"
>> 4:11:51 |  62 61 32 34 38 0A 0A 	"ba248\n\n"
<< 4:11:51 |  6F 6B 0D 0A 	"ok\r\n"
>> 4:11:51 |  62 61 32 34 37 0A 0A 	"ba247\n\n"
<< 4:11:51 |  6F 6B 0D 0A 	"ok\r\n"
>> 4:11:51 |  62 61 32 34 36 0A 0A 	"ba246\n\n"
<< 4:11:51 |  6F 6B 0D 0A 	"ok\r\n"
>> 4:11:53 |  62 61 20 20 30 0A 0A 	"ba  0\n\n"
<< 4:11:53 |  6F 6B 0D 0A 	"ok\r\n"
>> 4:11:56 |  62 61 20 20 31 0A 0A 	"ba  1\n\n"
<< 4:11:56 |  6F 6B 0D 0A 	"ok\r\n"
>> 4:11:58 |  62 61 20 20 32 0A 0A 	"ba  2\n\n"
<< 4:11:58 |  6F 6B 0D 0A 	"ok\r\n"
>> 4:12:00 |  62 61 20 20 33 0A 0A 	"ba  3\n\n"
<< 4:12:00 |  6F 6B 0D 0A 	"ok\r\n"
>> 4:12:00 |  62 61 20 20 34 0A 0A 	"ba  4\n\n"
<< 4:12:00 |  6F 6B 0D 0A 	"ok\r\n"
>> 4:12:00 |  62 61 20 20 35 0A 0A 	"ba  5\n\n"
<< 4:12:00 |  6F 6B 0D 0A 	"ok\r\n"
>> 4:12:00 |  62 61 20 20 36 0A 0A 	"ba  6\n\n"
<< 4:12:00 |  6F 6B 0D 0A 	"ok\r\n"
>> 4:12:01 |  62 61 20 20 37 0A 0A 	"ba  7\n\n"
<< 4:12:01 |  6F 6B 0D 0A 	"ok\r\n"
>> 4:12:01 |  62 61 20 20 38 0A 0A 	"ba  8\n\n"
<< 4:12:01 |  6F 6B 0D 0A 	"ok\r\n"
>> 4:12:01 |  62 61 20 20 39 0A 0A 	"ba  9\n\n"
<< 4:12:01 |  6F 6B 0D 0A 	"ok\r\n"
>> 4:12:04 |  62 61 32 35 35 0A 0A 	"ba255\n\n"
<< 4:12:04 |  6F 6B 0D 0A 	"ok\r\n"
>> 4:12:08 |  62 73 30 0A 0A 	"bs0\n\n"
<< 4:12:08 |  6F 6B 0D 0A 	"ok\r\n"
>> 4:12:13 |  62 6C 30 0A 0A 	"bl0\n\n"
<< 4:12:13 |  6F 6B 0D 0A 	"ok\r\n"
>> 4:12:13 |  63 66 0A 0A 	"cf\n\n"
<< 4:12:13 |  63 66 31 30 30 30 30 30 30 30 30 0D 0A 	"cf100000000\r\n"
>> 4:12:13 |  63 64 0A 0A 	"cd\n\n"
<< 4:12:14 |  63 64 30 30 30 30 30 30 30 35 30 0D 0A 	"cd000000050\r\n"
>> 4:12:20 |  62 6C 31 0A 0A 	"bl1\n\n"
<< 4:12:20 |  6F 6B 0D 0A 	"ok\r\n"
>> 4:12:20 |  63 66 0A 0A 	"cf\n\n"
<< 4:12:20 |  63 66 30 30 30 30 31 30 30 30 30 0D 0A 	"cf000010000\r\n"
>> 4:12:20 |  63 64 0A 0A 	"cd\n\n"
<< 4:12:21 |  63 64 30 30 30 30 30 30 30 35 30 0D 0A 	"cd000000050\r\n"
>> 4:12:25 |  62 6C 32 0A 0A 	"bl2\n\n"
<< 4:12:25 |  6F 6B 0D 0A 	"ok\r\n"
>> 4:12:25 |  63 66 0A 0A 	"cf\n\n"
<< 4:12:25 |  63 66 30 30 30 31 30 30 30 30 30 0D 0A 	"cf000100000\r\n"
>> 4:12:26 |  63 64 0A 0A 	"cd\n\n"
<< 4:12:26 |  63 	"c"
>> 4:12:29 |  62 6C 33 0A 0A 	"bl3\n\n"
<< 4:12:29 |  64 30 30 30 30 30 30 30 35 30 0D 0A 6F 6B 0D 0A 	"d000000050\r\nok\r\n"
>> 4:12:29 |  63 66 0A 0A 	"cf\n\n"
<< 4:12:29 |  63 66 30 30 30 30 30 30 30 30 30 0D 0A 	"cf000000000\r\n"
>> 4:12:30 |  63 64 0A 0A 	"cd\n\n"
<< 4:12:30 |  63 64 30 30 30 30 30 30 30 30 30 0D 0A 	"cd000000000\r\n"
>> 4:12:33 |  62 6C 34 0A 0A 	"bl4\n\n"
<< 4:12:33 |  6F 6B 0D 0A 	"ok\r\n"
>> 4:12:33 |  63 66 0A 0A 	"cf\n\n"
<< 4:12:33 |  63 66 30 30 30 30 30 30 30 30 30 0D 0A 	"cf000000000\r\n"
>> 4:12:33 |  63 64 0A 0A 	"cd\n\n"
<< 4:12:33 |  63 64 30 30 30 30 30 30 30 30 30 0D 0A 	"cd000000000\r\n"
>> 4:12:37 |  62 6C 35 0A 0A 	"bl5\n\n"
<< 4:12:37 |  6F 6B 0D 0A 	"ok\r\n"
>> 4:12:37 |  63 66 0A 0A 	"cf\n\n"
<< 4:12:37 |  63 66 30 30 30 30 30 30 30 30 30 0D 0A 	"cf000000000\r\n"
>> 4:12:37 |  63 64 0A 0A 	"cd\n\n"
<< 4:12:37 |  63 64 30 30 30 30 30 30 30 30 30 0D 0A 	"cd000000000\r\n"
>> 4:12:41 |  62 6C 36 0A 0A 	"bl6\n\n"
<< 4:12:41 |  6F 6B 0D 0A 	"ok\r\n"
>> 4:12:41 |  63 66 0A 0A 	"cf\n\n"
<< 4:12:41 |  63 66 30 30 30 30 30 30 30 30 30 0D 0A 	"cf000000000\r\n"
>> 4:12:42 |  63 64 0A 0A 	"cd\n\n"
<< 4:12:42 |  63 64 30 30 30 30 30 30 30 30 30 0D 0A 	"cd000000000\r\n"
>> 4:12:47 |  62 6C 37 0A 0A 	"bl7\n\n"
<< 4:12:47 |  6F 6B 0D 0A 	"ok\r\n"
>> 4:12:47 |  63 66 0A 0A 	"cf\n\n"
<< 4:12:47 |  63 66 30 30 30 30 30 30 30 30 30 0D 0A 	"cf000000000\r\n"
>> 4:12:47 |  63 64 0A 0A 	"cd\n\n"
<< 4:12:47 |  63 64 30 30 30 30 30 30 30 30 30 0D 0A 	"cd000000000\r\n"
>> 4:12:50 |  62 6C 38 0A 0A 	"bl8\n\n"
<< 4:12:50 |  6F 6B 0D 0A 	"ok\r\n"
>> 4:12:50 |  63 66 0A 0A 	"cf\n\n"
<< 4:12:50 |  63 66 30 30 30 30 30 30 30 30 30 0D 0A 	"cf000000000\r\n"
>> 4:12:50 |  63 64 0A 0A 	"cd\n\n"
<< 4:12:50 |  63 64 30 30 30 30 30 30 30 30 30 0D 0A 	"cd000000000\r\n"
>> 4:12:54 |  62 6C 39 0A 0A 	"bl9\n\n"
<< 4:12:54 |  6F 6B 0D 0A 	"ok\r\n"
>> 4:12:54 |  63 66 0A 0A 	"cf\n\n"
<< 4:12:54 |  63 66 30 30 30 30 30 30 30 30 30 0D 0A 	"cf000000000\r\n"
>> 4:12:54 |  63 64 0A 0A 	"cd\n\n"
<< 4:12:54 |  63 64 30 30 30 30 30 30 30 30 30 0D 0A 	"cd000000000\r\n"
>> 4:13:01 |  62 66 20 31 30 30 30 30 30 30 30 0A 0A 	"bf 10000000\n\n"
<< 4:13:01 |  6F 6B 0D 0A 	"ok\r\n"
>> 4:13:08 |  62 66 20 20 20 20 20 20 31 30 30 0A 0A 	"bf      100\n\n"
<< 4:13:08 |  6F 6B 0D 0A 	"ok\r\n"
>> 4:13:12 |  62 66 20 20 20 31 30 30 30 30 30 0A 0A 	"bf   100000\n\n"
<< 4:13:12 |  6F 6B 0D 0A 	"ok\r\n"
>> 4:13:18 |  62 73 30 0A 0A 	"bs0\n\n"
>> 4:13:21 |  62 74 31 31 0A 0A 	"bt11\n\n"
<< 4:13:21 |  6F 6B 0D 0A 6F 6B 0D 0A 	"ok\r\nok\r\n"
>> 4:13:21 |  62 74 31 32 0A 0A 	"bt12\n\n"
<< 4:13:21 |  6F 6B 0D 0A 	"ok\r\n"
>> 4:13:21 |  62 74 31 33 0A 0A 	"bt13\n\n"
<< 4:13:22 |  6F 6B 0D 0A 	"ok\r\n"
>> 4:13:22 |  62 74 31 34 0A 0A 	"bt14\n\n"
<< 4:13:22 |  6F 6B 0D 0A 	"ok\r\n"
>> 4:13:22 |  62 74 31 35 0A 0A 	"bt15\n\n"
<< 4:13:22 |  6F 6B 0D 0A 	"ok\r\n"
>> 4:13:23 |  62 74 31 36 0A 0A 	"bt16\n\n"
<< 4:13:23 |  6F 6B 0D 0A 	"ok\r\n"
>> 4:13:23 |  62 74 31 37 0A 0A 	"bt17\n\n"
<< 4:13:23 |  6F 6B 0D 0A 	"ok\r\n"
>> 4:13:23 |  62 74 31 38 0A 0A 	"bt18\n\n"
<< 4:13:23 |  6F 6B 0D 0A 	"ok\r\n"
>> 4:13:24 |  62 74 31 39 0A 0A 	"bt19\n\n"
<< 4:13:24 |  6F 6B 0D 0A 	"ok\r\n"
>> 4:13:24 |  62 74 32 30 0A 0A 	"bt20\n\n"
<< 4:13:24 |  6F 6B 0D 0A 	"ok\r\n"
>> 4:13:24 |  62 74 32 31 0A 0A 	"bt21\n\n"
<< 4:13:24 |  6F 6B 0D 0A 	"ok\r\n"
>> 4:13:27 |  62 74 20 31 0A 0A 	"bt 1\n\n"
<< 4:13:27 |  6F 6B 0D 0A 	"ok\r\n"
>> 4:13:29 |  62 74 20 32 0A 0A 	"bt 2\n\n"
<< 4:13:29 |  6F 6B 0D 0A 	"ok\r\n"
>> 4:13:30 |  62 74 20 33 0A 0A 	"bt 3\n\n"
<< 4:13:30 |  6F 6B 0D 0A 	"ok\r\n"
>> 4:13:30 |  62 74 20 34 0A 0A 	"bt 4\n\n"
<< 4:13:30 |  6F 6B 0D 0A 	"ok\r\n"
>> 4:13:30 |  62 74 20 35 0A 0A 	"bt 5\n\n"
<< 4:13:30 |  6F 6B 0D 0A 	"ok\r\n"
>> 4:13:30 |  62 74 20 36 0A 0A 	"bt 6\n\n"
<< 4:13:30 |  6F 6B 0D 0A 	"ok\r\n"
>> 4:13:30 |  62 74 20 37 0A 0A 	"bt 7\n\n"
<< 4:13:30 |  6F 6B 0D 0A 	"ok\r\n"
>> 4:13:31 |  62 74 20 38 0A 0A 	"bt 8\n\n"
<< 4:13:31 |  6F 6B 0D 0A 	"ok\r\n"
>> 4:13:31 |  62 74 20 39 0A 0A 	"bt 9\n\n"
<< 4:13:31 |  6F 6B 0D 0A 	"ok\r\n"
>> 4:13:31 |  62 74 31 30 0A 0A 	"bt10\n\n"
<< 4:13:31 |  6F 6B 0D 0A 	"ok\r\n"
>> 4:13:33 |  62 74 39 39 0A 0A 	"bt99\n\n"
<< 4:13:33 |  6F 6B 0D 0A 	"ok\r\n"
>> 4:13:36 |  62 74 39 39 0A 0A 	"bt99\n\n"
<< 4:13:36 |  6F 6B 0D 0A 	"ok\r\n"
>> 4:13:42 |  62 72 31 0A 0A 	"br1\n\n"
<< 4:13:42 |  6F 6B 0D 0A 	"ok\r\n"
>> 4:13:45 |  62 72 30 0A 0A 	"br0\n\n"
>> 4:13:46 |  62 72 31 0A 0A 	"br1\n\n"
<< 4:13:46 |  6F 6B 0D 0A 6F 6B 0D 0A 	"ok\r\nok\r\n"
>> 4:13:46 |  62 72 30 0A 0A 	"br0\n\n"
<< 4:13:46 |  6F 6B 0D 0A 	"ok\r\n"
>> 4:13:47 |  62 72 31 0A 0A 	"br1\n\n"
<< 4:13:47 |  6F 6B 0D 0A 	"ok\r\n"
>> 4:13:48 |  62 72 30 0A 0A 	"br0\n\n"
<< 4:13:48 |  6F 6B 0D 0A 	"ok\r\n"
>> 4:13:48 |  62 72 31 0A 0A 	"br1\n\n"
<< 4:13:48 |  6F 6B 0D 0A 	"ok\r\n"
>> 4:13:49 |  62 72 30 0A 0A 	"br0\n\n"
<< 4:13:49 |  6F 6B 0D 0A 	"ok\r\n"
>> 4:13:58 |  63 62 0A 0A 	"cb\n\n"
<< 4:13:58 |  63 62 30 30 30 30 30 30 30 30 30 0D 0A 	"cb000000000\r\n"
>> 4:13:59 |  63 62 0A 0A 	"cb\n\n"
<< 4:13:59 |  63 62 30 30 30 30 30 30 30 30 30 0D 0A 	"cb000000000\r\n"
>> 4:14:00 |  63 62 0A 0A 	"cb\n\n"
<< 4:14:00 |  63 62 30 30 30 30 30 30 30 30 30 0D 0A 	"cb000000000\r\n"
>> 4:14:01 |  63 62 0A 0A 	"cb\n\n"
<< 4:14:01 |  63 62 30 30 30 30 30 30 30 30 30 0D 0A 	"cb000000000\r\n"
>> 4:14:02 |  63 62 0A 0A 	"cb\n\n"
<< 4:14:02 |  63 62 30 30 30 30 30 30 30 30 30 0D 0A 	"cb000000000\r\n"
>> 4:14:04 |  63 62 0A 0A 	"cb\n\n"
<< 4:14:04 |  63 62 30 30 30 30 30 30 30 30 30 0D 0A 	"cb000000000\r\n"
>> 4:14:04 |  63 62 0A 0A 	"cb\n\n"
<< 4:14:04 |  63 62 30 30 30 30 30 30 30 30 30 0D 0A 	"cb000000000\r\n"
>> 4:14:11 |  63 65 0A 0A 	"ce\n\n"
<< 4:14:11 |  63 65 30 30 30 30 30 30 30 30 30 0D 0A 	"ce000000000\r\n"
>> 4:14:12 |  63 65 0A 0A 	"ce\n\n"
<< 4:14:12 |  63 65 30 30 30 30 30 30 30 30 30 0D 0A 	"ce000000000\r\n"
>> 4:14:12 |  63 65 0A 0A 	"ce\n\n"
<< 4:14:12 |  63 65 30 30 30 30 30 30 30 30 30 0D 0A 	"ce000000000\r\n"
>> 4:14:14 |  63 65 0A 0A 	"ce\n\n"
<< 4:14:14 |  63 65 30 30 30 30 30 30 30 30 30 0D 0A 	"ce000000000\r\n"
>> 4:14:15 |  63 65 0A 0A 	"ce\n\n"
<< 4:14:15 |  63 65 30 30 30 30 30 30 30 30 30 0D 0A 	"ce000000000\r\n"
>> 4:14:18 |  63 63 0A 0A 	"cc\n\n"
<< 4:14:18 |  63 63 30 30 30 30 30 30 30 30 30 0D 0A 	"cc000000000\r\n"
>> 4:14:20 |  63 63 0A 0A 	"cc\n\n"
<< 4:14:20 |  63 63 30 30 30 30 30 30 30 30 30 0D 0A 	"cc000000000\r\n"
>> 4:14:21 |  63 63 0A 0A 	"cc\n\n"
<< 4:14:21 |  63 63 30 30 30 30 30 30 30 30 30 0D 0A 	"cc000000000\r\n"
>> 4:14:21 |  63 63 0A 0A 	"cc\n\n"
<< 4:14:21 |  63 63 30 30 30 30 30 30 30 30 30 0D 0A 	"cc000000000\r\n"
>> 4:14:22 |  63 63 0A 0A 	"cc\n\n"
<< 4:14:22 |  63 63 30 30 30 30 30 30 30 30 30 0D 0A 	"cc000000000\r\n"
>> 4:14:24 |  63 63 0A 0A 	"cc\n\n"
<< 4:14:24 |  63 63 30 30 30 30 30 30 30 30 30 0D 0A 	"cc000000000\r\n"
>> 4:14:26 |  62 63 0A 0A 	"bc\n\n"
<< 4:14:26 |  6F 	"o"
>> 4:14:28 |  62 63 0A 0A 	"bc\n\n"
<< 4:14:28 |  6B 0D 0A 6F 6B 0D 0A 	"k\r\nok\r\n"
>> 4:14:31 |  63 62 0A 0A 	"cb\n\n"
<< 4:14:31 |  63 62 30 30 30 30 30 30 30 30 30 0D 0A 	"cb000000000\r\n"
>> 4:14:32 |  63 62 0A 0A 	"cb\n\n"
<< 4:14:32 |  63 62 30 30 30 30 30 30 30 30 30 0D 0A 	"cb000000000\r\n"
>> 4:14:33 |  63 62 0A 0A 	"cb\n\n"
<< 4:14:33 |  63 62 30 30 30 30 30 30 30 30 30 0D 0A 	"cb000000000\r\n"
>> 4:14:33 |  63 62 0A 0A 	"cb\n\n"
<< 4:14:33 |  63 62 30 30 30 30 30 30 30 30 30 0D 0A 	"cb000000000\r\n"
>> 4:14:34 |  63 62 0A 0A 	"cb\n\n"
<< 4:14:34 |  63 62 30 30 30 30 30 30 30 30 30 0D 0A 	"cb000000000\r\n"
>> 4:14:35 |  63 62 0A 0A 	"cb\n\n"
<< 4:14:35 |  63 62 30 30 30 30 30 30 30 30 30 0D 0A 	"cb000000000\r\n"
>> 4:14:36 |  63 62 0A 0A 	"cb\n\n"
<< 4:14:36 |  63 62 30 30 30 30 30 30 30 30 30 0D 0A 	"cb000000000\r\n"
>> 4:14:37 |  63 62 0A 0A 	"cb\n\n"
<< 4:14:37 |  63 62 30 30 30 30 30 30 30 30 30 0D 0A 	"cb000000000\r\n"
>> 4:14:37 |  63 62 0A 0A 	"cb\n\n"
<< 4:14:37 |  63 62 30 30 30 30 30 30 30 30 30 0D 0A 	"cb000000000\r\n"
>> 4:14:38 |  63 62 0A 0A 	"cb\n\n"
<< 4:14:38 |  63 62 30 30 30 30 30 30 30 30 30 0D 0A 	"cb000000000\r\n"
>> 4:14:39 |  63 62 0A 0A 	"cb\n\n"
<< 4:14:39 |  63 62 30 30 30 30 30 30 30 30 30 0D 0A 	"cb000000000\r\n"
>> 4:14:40 |  63 62 0A 0A 	"cb\n\n"
<< 4:14:40 |  63 62 30 30 30 30 30 30 30 30 30 0D 0A 	"cb000000000\r\n"
>> 4:14:40 |  63 62 0A 0A 	"cb\n\n"
<< 4:14:40 |  63 62 30 30 30 30 30 30 30 30 30 0D 0A 	"cb000000000\r\n"
>> 4:14:41 |  63 62 0A 0A 	"cb\n\n"
<< 4:14:41 |  63 62 30 30 30 30 30 30 30 30 30 0D 0A 	"cb000000000\r\n"
>> 4:14:42 |  63 62 0A 0A 	"cb\n\n"
<< 4:14:42 |  63 62 30 30 30 30 30 30 30 30 30 0D 0A 	"cb000000000\r\n"
>> 4:14:43 |  63 62 0A 0A 	"cb\n\n"
<< 4:14:43 |  63 62 30 30 30 30 30 30 30 30 30 0D 0A 	"cb000000000\r\n"
>> 4:14:43 |  63 62 0A 0A 	"cb\n\n"
<< 4:14:43 |  63 62 30 30 30 30 30 30 30 30 30 0D 0A 	"cb000000000\r\n"
>> 4:14:44 |  63 62 0A 0A 	"cb\n\n"
<< 4:14:44 |  63 62 30 30 30 30 30 30 30 30 30 0D 0A 	"cb000000000\r\n"
>> 4:14:45 |  63 62 0A 0A 	"cb\n\n"
<< 4:14:45 |  63 62 30 30 30 30 30 30 30 30 30 0D 0A 	"cb000000000\r\n"
>> 4:14:46 |  63 62 0A 0A 	"cb\n\n"
<< 4:14:46 |  63 62 30 30 30 30 30 30 30 30 30 0D 0A 	"cb000000000\r\n"
>> 4:14:46 |  63 62 0A 0A 	"cb\n\n"
<< 4:14:46 |  63 62 30 30 30 30 30 30 30 30 30 0D 0A 	"cb000000000\r\n"
>> 4:14:47 |  63 62 0A 0A 	"cb\n\n"
<< 4:14:47 |  63 62 30 30 30 30 30 30 30 30 30 0D 0A 	"cb000000000\r\n"
>> 4:14:48 |  63 62 0A 0A 	"cb\n\n"
<< 4:14:48 |  63 62 30 30 30 30 30 30 30 30 30 0D 0A 	"cb000000000\r\n"
>> 4:14:49 |  63 62 0A 0A 	"cb\n\n"
<< 4:14:49 |  63 62 30 30 30 30 30 30 30 30 30 0D 0A 	"cb000000000\r\n"
>> 4:14:49 |  63 62 0A 0A 	"cb\n\n"
<< 4:14:49 |  63 62 30 30 30 30 30 30 30 30 30 0D 0A 	"cb000000000\r\n"
>> 4:14:50 |  63 62 0A 0A 	"cb\n\n"
<< 4:14:50 |  63 62 30 30 30 30 30 30 30 30 30 0D 0A 	"cb000000000\r\n"
>> 4:14:51 |  63 62 0A 0A 	"cb\n\n"
<< 4:14:51 |  63 62 30 30 30 30 30 30 30 30 30 0D 0A 	"cb000000000\r\n"
>> 4:14:52 |  63 62 0A 0A 	"cb\n\n"
<< 4:14:52 |  63 62 30 30 30 30 30 30 30 30 30 0D 0A 	"cb000000000\r\n"
>> 4:14:52 |  63 62 0A 0A 	"cb\n\n"
<< 4:14:52 |  63 62 30 30 30 30 30 30 30 30 30 0D 0A 	"cb000000000\r\n"
>> 4:14:53 |  63 62 0A 0A 	"cb\n\n"
<< 4:14:53 |  63 62 30 30 30 30 30 30 30 30 30 0D 0A 	"cb000000000\r\n"
>> 4:14:54 |  63 62 0A 0A 	"cb\n\n"
<< 4:14:54 |  63 62 30 30 30 30 30 30 30 30 30 0D 0A 	"cb000000000\r\n"
>> 4:14:55 |  63 62 0A 0A 	"cb\n\n"
<< 4:14:55 |  63 62 30 30 30 30 30 30 30 30 30 0D 0A 	"cb000000000\r\n"
>> 4:14:55 |  63 62 0A 0A 	"cb\n\n"
<< 4:14:55 |  63 62 30 30 30 30 30 30 30 30 30 0D 0A 	"cb000000000\r\n"
>> 4:14:56 |  63 62 0A 0A 	"cb\n\n"
<< 4:14:56 |  63 62 30 30 30 30 30 30 30 30 30 0D 0A 	"cb000000000\r\n"
>> 4:14:57 |  63 62 0A 0A 	"cb\n\n"
<< 4:14:57 |  63 62 30 30 30 30 30 30 30 30 30 0D 0A 	"cb000000000\r\n"
>> 4:14:58 |  63 62 0A 0A 	"cb\n\n"
<< 4:14:58 |  63 62 30 30 30 30 30 30 30 30 30 0D 0A 	"cb000000000\r\n"
>> 4:14:58 |  63 62 0A 0A 	"cb\n\n"
<< 4:14:58 |  63 62 30 30 30 30 30 30 30 30 30 0D 0A 	"cb000000000\r\n"
>> 4:14:59 |  63 62 0A 0A 	"cb\n\n"
<< 4:14:59 |  63 62 30 30 30 30 30 30 30 30 30 0D 0A 	"cb000000000\r\n"
>> 4:15:00 |  63 62 0A 0A 	"cb\n\n"
<< 4:15:00 |  63 62 30 30 30 30 30 30 30 30 30 0D 0A 	"cb000000000\r\n"
>> 4:15:01 |  63 62 0A 0A 	"cb\n\n"
<< 4:15:01 |  63 62 30 30 30 30 30 30 30 30 30 0D 0A 	"cb000000000\r\n"
>> 4:15:01 |  63 62 0A 0A 	"cb\n\n"
<< 4:15:01 |  63 62 30 30 30 30 30 30 30 30 30 0D 0A 	"cb000000000\r\n"
>> 4:15:02 |  63 62 0A 0A 	"cb\n\n"
<< 4:15:02 |  63 62 30 30 30 30 30 30 30 30 30 0D 0A 	"cb000000000\r\n"
>> 4:15:03 |  63 62 0A 0A 	"cb\n\n"
<< 4:15:03 |  63 62 30 30 30 30 30 30 30 30 30 0D 0A 	"cb000000000\r\n"
>> 4:15:04 |  63 62 0A 0A 	"cb\n\n"
<< 4:15:04 |  63 62 30 30 30 30 30 30 30 30 30 0D 0A 	"cb000000000\r\n"
>> 4:15:05 |  63 62 0A 0A 	"cb\n\n"
<< 4:15:05 |  63 62 30 30 30 30 30 30 30 30 30 0D 0A 	"cb000000000\r\n"
>> 4:15:05 |  63 62 0A 0A 	"cb\n\n"
<< 4:15:05 |  63 62 30 30 30 30 30 30 30 30 30 0D 0A 	"cb000000000\r\n"
>> 4:15:06 |  63 62 0A 0A 	"cb\n\n"
<< 4:15:06 |  63 62 30 30 30 30 30 30 30 30 30 0D 0A 	"cb000000000\r\n"
>> 4:15:07 |  63 62 0A 0A 	"cb\n\n"
<< 4:15:07 |  63 62 30 30 30 30 30 30 30 30 30 0D 0A 	"cb000000000\r\n"
>> 4:15:08 |  63 62 0A 0A 	"cb\n\n"
<< 4:15:08 |  63 62 30 30 30 30 30 30 30 30 30 0D 0A 	"cb000000000\r\n"
>> 4:15:08 |  63 62 0A 0A 	"cb\n\n"
<< 4:15:08 |  63 62 30 30 30 30 30 30 30 30 30 0D 0A 	"cb000000000\r\n"
>> 4:15:09 |  63 62 0A 0A 	"cb\n\n"
<< 4:15:09 |  63 62 30 30 30 30 30 30 30 30 30 0D 0A 	"cb000000000\r\n"
>> 4:15:10 |  63 62 0A 0A 	"cb\n\n"
<< 4:15:10 |  63 62 30 30 30 30 30 30 30 30 30 0D 0A 	"cb000000000\r\n"
>> 4:15:11 |  63 62 0A 0A 	"cb\n\n"
<< 4:15:11 |  63 62 30 30 30 30 30 30 30 30 30 0D 0A 	"cb000000000\r\n"
>> 4:15:12 |  63 62 0A 0A 	"cb\n\n"
<< 4:15:12 |  63 62 30 30 30 30 30 30 30 30 30 0D 0A 	"cb000000000\r\n"
>> 4:15:12 |  63 62 0A 0A 	"cb\n\n"
<< 4:15:12 |  63 62 30 30 30 30 30 30 30 30 30 0D 0A 	"cb000000000\r\n"
>> 4:15:13 |  63 62 0A 0A 	"cb\n\n"
<< 4:15:13 |  63 62 30 30 30 30 30 30 30 30 30 0D 0A 	"cb000000000\r\n"
>> 4:15:14 |  63 62 0A 0A 	"cb\n\n"
<< 4:15:14 |  63 62 30 30 30 30 30 30 30 30 30 0D 0A 	"cb000000000\r\n"
>> 4:15:15 |  63 62 0A 0A 	"cb\n\n"
<< 4:15:15 |  63 62 30 30 30 30 30 30 30 30 30 0D 0A 	"cb000000000\r\n"
>> 4:15:15 |  63 62 0A 0A 	"cb\n\n"
<< 4:15:15 |  63 62 30 30 30 30 30 30 30 30 30 0D 0A 	"cb000000000\r\n"
>> 4:15:16 |  63 62 0A 0A 	"cb\n\n"
<< 4:15:16 |  63 62 30 30 30 30 30 30 30 30 30 0D 0A 	"cb000000000\r\n"
>> 4:15:17 |  63 62 0A 0A 	"cb\n\n"
<< 4:15:17 |  63 62 30 30 30 30 30 30 30 30 30 0D 0A 	"cb000000000\r\n"
>> 4:15:18 |  63 62 0A 0A 	"cb\n\n"
<< 4:15:18 |  63 62 30 30 30 30 30 30 30 30 30 0D 0A 	"cb000000000\r\n"
>> 4:15:18 |  63 62 0A 0A 	"cb\n\n"
<< 4:15:18 |  63 62 30 30 30 30 30 30 30 30 30 0D 0A 	"cb000000000\r\n"
>> 4:15:19 |  63 62 0A 0A 	"cb\n\n"
<< 4:15:19 |  63 62 30 30 30 30 30 30 30 30 30 0D 0A 	"cb000000000\r\n"
>> 4:15:20 |  63 62 0A 0A 	"cb\n\n"
<< 4:15:20 |  63 62 30 30 30 30 30 30 30 30 30 0D 0A 	"cb000000000\r\n"
>> 4:15:21 |  63 62 0A 0A 	"cb\n\n"
<< 4:15:21 |  63 62 30 30 30 30 30 30 30 30 30 0D 0A 	"cb000000000\r\n"
>> 4:15:21 |  63 62 0A 0A 	"cb\n\n"
<< 4:15:21 |  63 62 30 30 30 30 30 30 30 30 30 0D 0A 	"cb000000000\r\n"
>> 4:15:22 |  63 62 0A 0A 	"cb\n\n"
<< 4:15:22 |  63 62 30 30 30 30 30 30 30 30 30 0D 0A 	"cb000000000\r\n"
>> 4:15:23 |  63 62 0A 0A 	"cb\n\n"
<< 4:15:23 |  63 62 30 30 30 30 30 30 30 30 30 0D 0A 	"cb000000000\r\n"
>> 4:15:24 |  63 62 0A 0A 	"cb\n\n"
<< 4:15:24 |  63 62 30 30 30 30 30 30 30 30 30 0D 0A 	"cb000000000\r\n"
>> 4:15:24 |  63 62 0A 0A 	"cb\n\n"
<< 4:15:24 |  63 62 30 30 30 30 30 30 30 30 30 0D 0A 	"cb000000000\r\n"
>> 4:15:25 |  63 62 0A 0A 	"cb\n\n"
<< 4:15:25 |  63 62 30 30 30 30 30 30 30 30 30 0D 0A 	"cb000000000\r\n"
>> 4:15:26 |  63 62 0A 0A 	"cb\n\n"
<< 4:15:26 |  63 62 30 30 30 30 30 30 30 30 30 0D 0A 	"cb000000000\r\n"
>> 4:15:27 |  63 62 0A 0A 	"cb\n\n"
<< 4:15:27 |  63 62 30 30 30 30 30 30 30 30 30 0D 0A 	"cb000000000\r\n"
>> 4:15:28 |  63 62 0A 0A 	"cb\n\n"
>> 4:15:28 |  63 62 0A 0A 	"cb\n\n"
<< 4:15:28 |  63 62 30 30 30 30 30 30 30 30 30 0D 0A 63 62 30 30 30 30 30 30 30 30 30 0D 0A 	"cb000000000\r\ncb000000000\r\n"
>> 4:15:29 |  63 62 0A 0A 	"cb\n\n"
<< 4:15:29 |  63 62 30 30 30 30 30 30 30 30 30 0D 0A 	"cb000000000\r\n"
>> 4:15:30 |  63 62 0A 0A 	"cb\n\n"
<< 4:15:30 |  63 62 30 30 30 30 30 30 30 30 30 0D 0A 	"cb000000000\r\n"
>> 4:15:31 |  63 62 0A 0A 	"cb\n\n"
<< 4:15:31 |  63 62 30 30 30 30 30 30 30 30 30 0D 0A 	"cb000000000\r\n"
>> 4:15:31 |  63 62 0A 0A 	"cb\n\n"
<< 4:15:31 |  63 62 30 30 30 30 30 30 30 30 30 0D 0A 	"cb000000000\r\n"
>> 4:15:32 |  63 62 0A 0A 	"cb\n\n"
<< 4:15:32 |  63 62 30 30 30 30 30 30 30 30 30 0D 0A 	"cb000000000\r\n"
>> 4:15:33 |  63 62 0A 0A 	"cb\n\n"
<< 4:15:33 |  63 62 30 30 30 30 30 30 30 30 30 0D 0A 	"cb000000000\r\n"
>> 4:15:34 |  63 62 0A 0A 	"cb\n\n"
<< 4:15:34 |  63 62 30 30 30 30 30 30 30 30 30 0D 0A 	"cb000000000\r\n"
>> 4:15:34 |  63 62 0A 0A 	"cb\n\n"
<< 4:15:34 |  63 62 30 30 30 30 30 30 30 30 30 0D 0A 	"cb000000000\r\n"
>> 4:15:35 |  63 62 0A 0A 	"cb\n\n"
<< 4:15:35 |  63 62 30 30 30 30 30 30 30 30 30 0D 0A 	"cb000000000\r\n"
>> 4:15:36 |  63 62 0A 0A 	"cb\n\n"
<< 4:15:36 |  63 62 30 30 30 30 30 30 30 30 30 0D 0A 	"cb000000000\r\n"
>> 4:15:37 |  63 62 0A 0A 	"cb\n\n"
<< 4:15:37 |  63 62 30 30 30 30 30 30 30 30 30 0D 0A 	"cb000000000\r\n"
>> 4:15:38 |  63 62 0A 0A 	"cb\n\n"
<< 4:15:38 |  63 62 30 30 30 30 30 30 30 30 30 0D 0A 	"cb000000000\r\n"
>> 4:15:38 |  63 62 0A 0A 	"cb\n\n"
<< 4:15:38 |  63 62 30 30 30 30 30 30 30 30 30 0D 0A 	"cb000000000\r\n"
>> 4:15:39 |  63 62 0A 0A 	"cb\n\n"
<< 4:15:39 |  63 62 30 30 30 30 30 30 30 30 30 0D 0A 	"cb000000000\r\n"
>> 4:15:40 |  63 62 0A 0A 	"cb\n\n"
<< 4:15:40 |  63 62 30 30 30 30 30 30 30 30 30 0D 0A 	"cb000000000\r\n"
>> 4:15:41 |  63 62 0A 0A 	"cb\n\n"
<< 4:15:41 |  63 62 30 30 30 30 30 30 30 30 30 0D 0A 	"cb000000000\r\n"
>> 4:15:41 |  63 62 0A 0A 	"cb\n\n"
<< 4:15:41 |  63 62 30 30 30 30 30 30 30 30 30 0D 0A 	"cb000000000\r\n"
>> 4:15:42 |  63 62 0A 0A 	"cb\n\n"
<< 4:15:42 |  63 62 30 30 30 30 30 30 30 30 30 0D 0A 	"cb000000000\r\n"
>> 4:15:43 |  63 62 0A 0A 	"cb\n\n"
<< 4:15:43 |  63 62 30 30 30 30 30 30 30 30 30 0D 0A 	"cb000000000\r\n"
>> 4:15:44 |  63 62 0A 0A 	"cb\n\n"
<< 4:15:44 |  63 62 30 30 30 30 30 30 30 30 30 0D 0A 	"cb000000000\r\n"
>> 4:15:45 |  63 62 0A 0A 	"cb\n\n"
<< 4:15:45 |  63 62 30 30 30 30 30 30 30 30 30 0D 0A 	"cb000000000\r\n"
>> 4:15:45 |  63 62 0A 0A 	"cb\n\n"
<< 4:15:45 |  63 62 30 30 30 30 30 30 30 30 30 0D 0A 	"cb000000000\r\n"
>> 4:15:46 |  63 62 0A 0A 	"cb\n\n"
<< 4:15:46 |  63 62 30 30 30 30 30 30 30 30 30 0D 0A 	"cb000000000\r\n"
>> 4:15:47 |  63 62 0A 0A 	"cb\n\n"
<< 4:15:47 |  63 62 30 30 30 30 30 30 30 30 30 0D 0A 	"cb000000000\r\n"
>> 4:15:48 |  63 62 0A 0A 	"cb\n\n"
<< 4:15:48 |  63 62 30 30 30 30 30 30 30 30 30 0D 0A 	"cb000000000\r\n"
>> 4:15:48 |  63 62 0A 0A 	"cb\n\n"
<< 4:15:48 |  63 62 30 30 30 30 30 30 30 30 30 0D 0A 	"cb000000000\r\n"
>> 4:15:49 |  63 62 0A 0A 	"cb\n\n"
<< 4:15:49 |  63 62 30 30 30 30 30 30 30 30 30 0D 0A 	"cb000000000\r\n"
>> 4:15:50 |  63 62 0A 0A 	"cb\n\n"
<< 4:15:50 |  63 62 30 30 30 30 30 30 30 30 30 0D 0A 	"cb000000000\r\n"
>> 4:15:51 |  63 62 0A 0A 	"cb\n\n"
<< 4:15:51 |  63 62 30 30 30 30 30 30 30 30 30 0D 0A 	"cb000000000\r\n"
>> 4:15:51 |  63 62 0A 0A 	"cb\n\n"
<< 4:15:51 |  63 62 30 30 30 30 30 30 30 30 30 0D 0A 	"cb000000000\r\n"
>> 4:15:52 |  63 62 0A 0A 	"cb\n\n"
<< 4:15:52 |  63 62 30 30 30 30 30 30 30 30 30 0D 0A 	"cb000000000\r\n"
>> 4:15:53 |  63 62 0A 0A 	"cb\n\n"
<< 4:15:53 |  63 62 30 30 30 30 30 30 30 30 30 0D 0A 	"cb000000000\r\n"
>> 4:15:54 |  63 62 0A 0A 	"cb\n\n"
<< 4:15:54 |  63 62 30 30 30 30 30 30 30 30 30 0D 0A 	"cb000000000\r\n"
>> 4:15:54 |  63 62 0A 0A 	"cb\n\n"
<< 4:15:54 |  63 62 30 30 30 30 30 30 30 30 30 0D 0A 	"cb000000000\r\n"
>> 4:15:55 |  63 62 0A 0A 	"cb\n\n"
<< 4:15:55 |  63 62 30 30 30 30 30 30 30 30 30 0D 0A 	"cb000000000\r\n"
>> 4:15:56 |  63 62 0A 0A 	"cb\n\n"
<< 4:15:56 |  63 62 30 30 30 30 30 30 30 30 30 0D 0A 	"cb000000000\r\n"
>> 4:15:57 |  63 62 0A 0A 	"cb\n\n"
<< 4:15:57 |  63 62 30 30 30 30 30 30 30 30 30 0D 0A 	"cb000000000\r\n"
>> 4:15:58 |  63 62 0A 0A 	"cb\n\n"
<< 4:15:58 |  63 62 30 30 30 30 30 30 30 30 30 0D 0A 	"cb000000000\r\n"
>> 4:15:58 |  63 62 0A 0A 	"cb\n\n"
<< 4:15:58 |  63 62 30 30 30 30 30 30 30 30 30 0D 0A 	"cb000000000\r\n"
>> 4:15:59 |  63 62 0A 0A 	"cb\n\n"
<< 4:15:59 |  63 62 30 30 30 30 30 30 30 30 30 0D 0A 	"cb000000000\r\n"
>> 4:16:00 |  63 62 0A 0A 	"cb\n\n"
<< 4:16:00 |  63 62 30 30 30 30 30 30 30 30 30 0D 0A 	"cb000000000\r\n"
>> 4:16:01 |  63 62 0A 0A 	"cb\n\n"
<< 4:16:01 |  63 62 30 30 30 30 30 30 30 30 30 0D 0A 	"cb000000000\r\n"
>> 4:16:02 |  63 62 0A 0A 	"cb\n\n"
<< 4:16:02 |  63 62 30 30 30 30 30 30 30 30 30 0D 0A 	"cb000000000\r\n"
>> 4:16:02 |  63 62 0A 0A 	"cb\n\n"
<< 4:16:02 |  63 62 30 30 30 30 30 30 30 30 30 0D 0A 	"cb000000000\r\n"
>> 4:16:03 |  63 62 0A 0A 	"cb\n\n"
<< 4:16:03 |  63 62 30 30 30 30 30 30 30 30 30 0D 0A 	"cb000000000\r\n"
>> 4:16:04 |  63 62 0A 0A 	"cb\n\n"
<< 4:16:04 |  63 62 30 30 30 30 30 30 30 30 30 0D 0A 	"cb000000000\r\n"
>> 4:16:05 |  63 62 0A 0A 	"cb\n\n"
<< 4:16:05 |  63 62 30 30 30 30 30 30 30 30 30 0D 0A 	"cb000000000\r\n"
>> 4:16:05 |  63 62 0A 0A 	"cb\n\n"
<< 4:16:05 |  63 62 30 30 30 30 30 30 30 30 30 0D 0A 	"cb000000000\r\n"
>> 4:16:06 |  63 62 0A 0A 	"cb\n\n"
<< 4:16:06 |  63 62 30 30 30 30 30 30 30 30 30 0D 0A 	"cb000000000\r\n"
>> 4:16:07 |  63 62 0A 0A 	"cb\n\n"
<< 4:16:07 |  63 62 30 30 30 30 30 30 30 30 30 0D 0A 	"cb000000000\r\n"
>> 4:16:08 |  63 62 0A 0A 	"cb\n\n"
<< 4:16:08 |  63 62 30 30 30 30 30 30 30 30 30 0D 0A 	"cb000000000\r\n"
>> 4:16:08 |  63 62 0A 0A 	"cb\n\n"
<< 4:16:08 |  63 62 30 30 30 30 30 30 30 30 30 0D 0A 	"cb000000000\r\n"
>> 4:16:09 |  63 62 0A 0A 	"cb\n\n"
<< 4:16:09 |  63 62 30 30 30 30 30 31 38 30 38 0D 0A 	"cb000001808\r\n"
>> 4:16:10 |  63 62 0A 0A 	"cb\n\n"
<< 4:16:10 |  63 62 30 30 30 30 30 31 38 30 38 0D 0A 	"cb000001808\r\n"
>> 4:16:11 |  63 62 0A 0A 	"cb\n\n"
<< 4:16:11 |  63 62 30 30 30 30 30 30 30 30 30 0D 0A 	"cb000000000\r\n"
>> 4:16:11 |  63 62 0A 0A 	"cb\n\n"
<< 4:16:11 |  63 62 30 30 30 30 30 30 30 30 30 0D 0A 	"cb000000000\r\n"
>> 4:16:12 |  63 62 0A 0A 	"cb\n\n"
<< 4:16:12 |  63 62 30 30 30 30 30 30 30 30 30 0D 0A 	"cb000000000\r\n"
>> 4:16:13 |  63 62 0A 0A 	"cb\n\n"
<< 4:16:13 |  63 62 30 30 30 30 30 31 38 30 38 0D 0A 	"cb000001808\r\n"
>> 4:16:14 |  63 62 0A 0A 	"cb\n\n"
<< 4:16:14 |  63 62 30 30 30 30 30 30 30 30 30 0D 0A 	"cb000000000\r\n"
>> 4:16:14 |  63 62 0A 0A 	"cb\n\n"
<< 4:16:14 |  63 62 30 30 30 30 30 31 38 30 38 0D 0A 	"cb000001808\r\n"
>> 4:16:15 |  63 62 0A 0A 	"cb\n\n"
<< 4:16:15 |  63 62 30 30 30 30 30 33 36 31 36 0D 0A 	"cb000003616\r\n"
>> 4:16:16 |  63 62 0A 0A 	"cb\n\n"
<< 4:16:16 |  63 62 30 30 30 30 30 31 38 30 38 0D 0A 	"cb000001808\r\n"
>> 4:16:17 |  63 62 0A 0A 	"cb\n\n"
<< 4:16:17 |  63 62 30 30 30 30 30 31 38 30 38 0D 0A 	"cb000001808\r\n"
>> 4:16:18 |  63 62 0A 0A 	"cb\n\n"
<< 4:16:18 |  63 62 30 30 30 30 30 30 30 30 30 0D 0A 	"cb000000000\r\n"
>> 4:16:19 |  63 62 0A 0A 	"cb\n\n"
<< 4:16:19 |  63 62 30 30 30 30 30 30 30 30 30 0D 0A 	"cb000000000\r\n"
>> 4:16:19 |  63 62 0A 0A 	"cb\n\n"
<< 4:16:19 |  63 62 30 30 30 30 30 30 30 30 30 0D 0A 	"cb000000000\r\n"
>> 4:16:20 |  63 62 0A 0A 	"cb\n\n"
<< 4:16:20 |  63 62 30 30 30 30 30 30 30 30 30 0D 0A 	"cb000000000\r\n"
>> 4:16:21 |  63 62 0A 0A 	"cb\n\n"
<< 4:16:21 |  63 62 30 30 30 30 30 30 30 30 30 0D 0A 	"cb000000000\r\n"
>> 4:16:22 |  63 62 0A 0A 	"cb\n\n"
<< 4:16:22 |  63 62 30 30 30 30 31 31 34 30 38 0D 0A 	"cb000011408\r\n"
>> 4:16:22 |  63 62 0A 0A 	"cb\n\n"
<< 4:16:22 |  63 62 30 30 30 30 33 32 36 37 32 0D 0A 	"cb000032672\r\n"
>> 4:16:23 |  63 62 0A 0A 	"cb\n\n"
<< 4:16:23 |  63 62 30 30 30 30 34 33 32 30 30 0D 0A 	"cb000043200\r\n"
>> 4:16:24 |  63 62 0A 0A 	"cb\n\n"
<< 4:16:24 |  63 62 30 30 30 30 34 38 36 35 36 0D 0A 	"cb000048656\r\n"
>> 4:16:25 |  63 62 0A 0A 	"cb\n\n"
<< 4:16:25 |  63 62 30 30 30 30 30 34 33 38 34 0D 0A 	"cb000004384\r\n"
>> 4:16:26 |  63 62 0A 0A 	"cb\n\n"
<< 4:16:26 |  63 62 30 30 30 30 34 38 32 34 30 0D 0A 	"cb000048240\r\n"
>> 4:16:26 |  63 62 0A 0A 	"cb\n\n"
<< 4:16:26 |  63 62 30 30 30 30 34 37 31 30 34 0D 0A 	"cb000047104\r\n"
>> 4:16:27 |  63 62 0A 0A 	"cb\n\n"
<< 4:16:27 |  63 62 30 30 30 30 32 38 37 32 30 0D 0A 	"cb000028720\r\n"
>> 4:16:28 |  63 62 0A 0A 	"cb\n\n"
<< 4:16:28 |  63 62 30 30 30 30 34 33 35 32 30 0D 0A 	"cb000043520\r\n"
>> 4:16:29 |  63 62 0A 0A 	"cb\n\n"
<< 4:16:29 |  63 62 30 30 30 30 36 30 33 36 38 0D 0A 	"cb000060368\r\n"
>> 4:16:30 |  63 62 0A 0A 	"cb\n\n"
<< 4:16:30 |  63 62 30 30 30 30 30 30 33 33 36 0D 0A 	"cb000000336\r\n"
>> 4:16:30 |  63 62 0A 0A 	"cb\n\n"
<< 4:16:30 |  63 62 30 30 30 30 32 36 39 34 34 0D 0A 	"cb000026944\r\n"
>> 4:16:31 |  63 62 0A 0A 	"cb\n\n"
<< 4:16:31 |  63 62 30 30 30 30 34 33 37 31 32 0D 0A 	"cb000043712\r\n"
>> 4:16:32 |  63 62 0A 0A 	"cb\n\n"
<< 4:16:32 |  63 62 30 30 30 30 31 31 34 38 38 0D 0A 	"cb000011488\r\n"
>> 4:16:33 |  63 62 0A 0A 	"cb\n\n"
<< 4:16:33 |  63 62 30 30 30 30 30 36 30 30 30 0D 0A 	"cb000006000\r\n"
>> 4:16:33 |  63 62 0A 0A 	"cb\n\n"
<< 4:16:33 |  63 62 30 30 30 30 34 36 38 30 30 0D 0A 	"cb000046800\r\n"
>> 4:16:34 |  63 62 0A 0A 	"cb\n\n"
<< 4:16:34 |  63 62 30 30 30 30 31 39 31 32 30 0D 0A 	"cb000019120\r\n"
>> 4:16:35 |  63 62 0A 0A 	"cb\n\n"
<< 4:16:35 |  63 62 30 30 30 30 31 30 39 37 36 0D 0A 	"cb000010976\r\n"
>> 4:16:36 |  63 62 0A 0A 	"cb\n\n"
<< 4:16:36 |  63 62 30 30 30 30 35 33 36 34 38 0D 0A 	"cb000053648\r\n"
>> 4:16:37 |  63 62 0A 0A 	"cb\n\n"
<< 4:16:37 |  63 62 30 30 30 30 34 33 36 31 36 0D 0A 	"cb000043616\r\n"
>> 4:16:37 |  63 62 0A 0A 	"cb\n\n"
<< 4:16:37 |  63 62 30 30 30 30 33 35 34 35 36 0D 0A 	"cb000035456\r\n"
>> 4:16:38 |  63 62 0A 0A 	"cb\n\n"
<< 4:16:38 |  63 62 30 30 30 30 30 30 30 30 30 0D 0A 	"cb000000000\r\n"
>> 4:16:39 |  63 62 0A 0A 	"cb\n\n"
<< 4:16:39 |  63 62 30 30 30 30 30 30 30 30 30 0D 0A 	"cb000000000\r\n"
>> 4:16:40 |  63 62 0A 0A 	"cb\n\n"
<< 4:16:40 |  63 62 30 30 30 30 30 30 30 30 30 0D 0A 	"cb000000000\r\n"
>> 4:16:41 |  63 62 0A 0A 	"cb\n\n"
<< 4:16:41 |  63 62 30 30 30 30 30 30 30 30 30 0D 0A 	"cb000000000\r\n"
>> 4:16:42 |  63 62 0A 0A 	"cb\n\n"
<< 4:16:42 |  63 62 30 30 30 30 30 30 30 30 30 0D 0A 	"cb000000000\r\n"
>> 4:16:42 |  63 62 0A 0A 	"cb\n\n"
<< 4:16:42 |  63 62 30 30 30 30 30 30 30 30 30 0D 0A 	"cb000000000\r\n"
>> 4:16:43 |  63 62 0A 0A 	"cb\n\n"
<< 4:16:43 |  63 62 30 30 30 30 30 30 30 30 30 0D 0A 	"cb000000000\r\n"
>> 4:16:44 |  63 62 0A 0A 	"cb\n\n"
<< 4:16:44 |  63 62 30 30 30 30 30 30 30 30 30 0D 0A 	"cb000000000\r\n"
>> 4:16:44 |  63 62 0A 0A 	"cb\n\n"
<< 4:16:44 |  63 62 30 30 30 30 30 30 30 30 30 0D 0A 	"cb000000000\r\n"
>> 4:16:45 |  63 62 0A 0A 	"cb\n\n"
<< 4:16:45 |  63 62 30 30 30 30 30 30 30 30 30 0D 0A 	"cb000000000\r\n"
>> 4:16:46 |  63 62 0A 0A 	"cb\n\n"
>> 4:16:47 |  63 62 0A 0A 	"cb\n\n"
<< 4:16:47 |  63 62 30 30 30 30 30 30 30 30 30 0D 0A 63 62 30 30 30 30 30 30 30 30 30 0D 0A 	"cb000000000\r\ncb000000000\r\n"
>> 4:16:48 |  63 62 0A 0A 	"cb\n\n"
<< 4:16:48 |  63 62 30 30 30 30 30 30 30 30 30 0D 0A 	"cb000000000\r\n"
>> 4:16:48 |  63 62 0A 0A 	"cb\n\n"
<< 4:16:48 |  63 62 30 30 30 30 30 30 30 30 30 0D 0A 	"cb000000000\r\n"
>> 4:16:49 |  63 62 0A 0A 	"cb\n\n"
<< 4:16:49 |  63 62 30 30 30 30 30 30 30 30 30 0D 0A 	"cb000000000\r\n"
>> 4:16:50 |  63 62 0A 0A 	"cb\n\n"
<< 4:16:50 |  63 62 30 30 30 30 30 30 30 30 30 0D 0A 	"cb000000000\r\n"
>> 4:16:51 |  63 62 0A 0A 	"cb\n\n"
<< 4:16:51 |  63 62 30 30 30 30 30 30 30 30 30 0D 0A 	"cb000000000\r\n"
>> 4:16:52 |  63 62 0A 0A 	"cb\n\n"
<< 4:16:52 |  63 62 30 30 30 30 30 30 30 30 30 0D 0A 	"cb000000000\r\n"
>> 4:16:52 |  63 62 0A 0A 	"cb\n\n"
<< 4:16:52 |  63 62 30 30 30 30 30 30 30 30 30 0D 0A 	"cb000000000\r\n"
>> 4:16:53 |  63 62 0A 0A 	"cb\n\n"
<< 4:16:53 |  63 62 30 30 30 30 30 30 30 30 30 0D 0A 	"cb000000000\r\n"
>> 4:16:54 |  63 62 0A 0A 	"cb\n\n"
<< 4:16:54 |  63 62 30 30 30 30 30 30 30 30 30 0D 0A 	"cb000000000\r\n"
>> 4:16:55 |  63 62 0A 0A 	"cb\n\n"
<< 4:16:55 |  63 62 30 30 30 30 30 30 30 30 30 0D 0A 	"cb000000000\r\n"
>> 4:16:56 |  63 62 0A 0A 	"cb\n\n"
<< 4:16:56 |  63 62 30 30 30 30 30 30 30 30 30 0D 0A 	"cb000000000\r\n"
>> 4:16:56 |  63 62 0A 0A 	"cb\n\n"
<< 4:16:56 |  63 62 30 30 30 30 30 30 30 30 30 0D 0A 	"cb000000000\r\n"
>> 4:16:57 |  63 62 0A 0A 	"cb\n\n"
<< 4:16:57 |  63 62 30 30 30 30 30 30 30 30 30 0D 0A 	"cb000000000\r\n"
>> 4:16:58 |  63 62 0A 0A 	"cb\n\n"
<< 4:16:58 |  63 62 30 30 30 30 30 30 30 30 30 0D 0A 	"cb000000000\r\n"
>> 4:16:59 |  63 62 0A 0A 	"cb\n\n"
<< 4:16:59 |  63 62 30 30 30 30 30 30 30 30 30 0D 0A 	"cb000000000\r\n"
>> 4:16:59 |  63 62 0A 0A 	"cb\n\n"
<< 4:16:59 |  63 62 30 30 30 30 30 30 30 30 30 0D 0A 	"cb000000000\r\n"
>> 4:17:00 |  63 62 0A 0A 	"cb\n\n"
<< 4:17:00 |  63 62 30 30 30 30 30 30 30 30 30 0D 0A 	"cb000000000\r\n"
>> 4:17:01 |  63 62 0A 0A 	"cb\n\n"
<< 4:17:01 |  63 62 30 30 30 30 30 30 30 30 30 0D 0A 	"cb000000000\r\n"
>> 4:17:02 |  63 62 0A 0A 	"cb\n\n"
<< 4:17:02 |  63 62 30 30 30 30 30 30 30 30 30 0D 0A 	"cb000000000\r\n"
>> 4:17:03 |  63 62 0A 0A 	"cb\n\n"
<< 4:17:03 |  63 62 30 30 30 30 30 30 30 30 30 0D 0A 	"cb000000000\r\n"
>> 4:17:04 |  63 62 0A 0A 	"cb\n\n"
<< 4:17:04 |  63 62 30 30 30 30 30 30 30 30 30 0D 0A 	"cb000000000\r\n"
>> 4:17:04 |  63 62 0A 0A 	"cb\n\n"
<< 4:17:04 |  63 62 30 30 30 30 30 30 30 30 30 0D 0A 	"cb000000000\r\n"
>> 4:17:05 |  63 62 0A 0A 	"cb\n\n"
<< 4:17:05 |  63 62 30 30 30 30 30 30 30 30 30 0D 0A 	"cb000000000\r\n"
>> 4:17:06 |  63 62 0A 0A 	"cb\n\n"
<< 4:17:06 |  63 62 30 30 30 30 30 30 30 30 30 0D 0A 	"cb000000000\r\n"
>> 4:17:07 |  63 62 0A 0A 	"cb\n\n"
<< 4:17:07 |  63 62 30 30 30 30 30 30 30 30 30 0D 0A 	"cb000000000\r\n"
>> 4:17:07 |  63 62 0A 0A 	"cb\n\n"
<< 4:17:07 |  63 62 30 30 30 30 30 30 30 30 30 0D 0A 	"cb000000000\r\n"
>> 4:17:08 |  63 62 0A 0A 	"cb\n\n"
<< 4:17:08 |  63 62 30 30 30 30 30 30 30 30 30 0D 0A 	"cb000000000\r\n"
>> 4:17:09 |  63 62 0A 0A 	"cb\n\n"
<< 4:17:09 |  63 62 30 30 30 30 30 30 30 30 30 0D 0A 	"cb000000000\r\n"
>> 4:17:10 |  63 62 0A 0A 	"cb\n\n"
<< 4:17:10 |  63 62 30 30 30 30 30 30 30 30 30 0D 0A 	"cb000000000\r\n"
>> 4:17:11 |  63 62 0A 0A 	"cb\n\n"
<< 4:17:11 |  63 62 30 30 30 30 30 30 30 30 30 0D 0A 	"cb000000000\r\n"
>> 4:17:11 |  63 62 0A 0A 	"cb\n\n"
<< 4:17:11 |  63 62 30 30 30 30 30 30 30 30 30 0D 0A 	"cb000000000\r\n"
>> 4:17:12 |  63 62 0A 0A 	"cb\n\n"
<< 4:17:12 |  63 62 30 30 30 30 30 30 30 30 30 0D 0A 	"cb000000000\r\n"
>> 4:17:13 |  63 62 0A 0A 	"cb\n\n"
<< 4:17:13 |  63 62 30 30 30 30 30 30 30 30 30 0D 0A 	"cb000000000\r\n"
>> 4:17:14 |  63 62 0A 0A 	"cb\n\n"
<< 4:17:14 |  63 62 30 30 30 30 30 30 30 30 30 0D 0A 	"cb000000000\r\n"
>> 4:17:15 |  63 62 0A 0A 	"cb\n\n"
<< 4:17:15 |  63 62 30 30 30 30 30 30 30 30 30 0D 0A 	"cb000000000\r\n"
>> 4:17:15 |  63 62 0A 0A 	"cb\n\n"
<< 4:17:15 |  63 62 30 30 30 30 30 30 30 30 30 0D 0A 	"cb000000000\r\n"
>> 4:17:16 |  63 62 0A 0A 	"cb\n\n"
<< 4:17:16 |  63 62 30 30 30 30 30 30 30 30 30 0D 0A 	"cb000000000\r\n"
>> 4:17:17 |  63 62 0A 0A 	"cb\n\n"
>> 4:17:18 |  63 62 0A 0A 	"cb\n\n"
<< 4:17:18 |  63 62 30 30 30 30 30 30 30 30 30 0D 0A 63 62 30 30 30 30 30 30 30 30 30 0D 0A 	"cb000000000\r\ncb000000000\r\n"
>> 4:17:19 |  63 62 0A 0A 	"cb\n\n"
<< 4:17:19 |  63 62 30 30 30 30 30 30 30 30 30 0D 0A 	"cb000000000\r\n"
>> 4:17:19 |  63 62 0A 0A 	"cb\n\n"
<< 4:17:19 |  63 62 30 30 30 30 30 30 30 30 30 0D 0A 	"cb000000000\r\n"
>> 4:17:20 |  63 62 0A 0A 	"cb\n\n"
<< 4:17:20 |  63 62 30 30 30 30 30 30 30 30 30 0D 0A 	"cb000000000\r\n"
>> 4:17:21 |  63 62 0A 0A 	"cb\n\n"
<< 4:17:21 |  63 62 30 30 30 30 30 30 30 30 30 0D 0A 	"cb000000000\r\n"
>> 4:17:22 |  63 62 0A 0A 	"cb\n\n"
<< 4:17:22 |  63 62 30 30 30 30 30 30 30 30 30 0D 0A 	"cb000000000\r\n"
>> 4:17:23 |  63 62 0A 0A 	"cb\n\n"
<< 4:17:23 |  63 62 30 30 30 30 30 30 30 30 30 0D 0A 	"cb000000000\r\n"
>> 4:17:24 |  63 62 0A 0A 	"cb\n\n"
<< 4:17:24 |  63 62 30 30 30 30 30 30 30 30 30 0D 0A 	"cb000000000\r\n"
>> 4:17:24 |  63 62 0A 0A 	"cb\n\n"
<< 4:17:24 |  63 62 30 30 30 30 30 30 30 30 30 0D 0A 	"cb000000000\r\n"
>> 4:17:25 |  63 62 0A 0A 	"cb\n\n"
<< 4:17:25 |  63 62 30 30 30 30 30 30 30 30 30 0D 0A 	"cb000000000\r\n"
>> 4:17:26 |  63 62 0A 0A 	"cb\n\n"
<< 4:17:26 |  63 62 30 30 30 30 30 30 30 30 30 0D 0A 	"cb000000000\r\n"
>> 4:17:27 |  63 62 0A 0A 	"cb\n\n"
<< 4:17:27 |  63 62 30 30 30 30 30 30 30 30 30 0D 0A 	"cb000000000\r\n"
>> 4:17:28 |  63 62 0A 0A 	"cb\n\n"
<< 4:17:28 |  63 62 30 30 30 30 30 30 30 30 30 0D 0A 	"cb000000000\r\n"
>> 4:17:28 |  63 62 0A 0A 	"cb\n\n"
<< 4:17:28 |  63 62 30 30 30 30 30 30 30 30 30 0D 0A 	"cb000000000\r\n"
>> 4:17:29 |  63 62 0A 0A 	"cb\n\n"
<< 4:17:29 |  63 62 30 30 30 30 30 30 30 30 30 0D 0A 	"cb000000000\r\n"
>> 4:17:30 |  63 62 0A 0A 	"cb\n\n"
<< 4:17:30 |  63 62 30 30 30 30 30 30 30 30 30 0D 0A 	"cb000000000\r\n"
>> 4:17:31 |  63 62 0A 0A 	"cb\n\n"
<< 4:17:31 |  63 62 30 30 30 30 30 30 30 30 30 0D 0A 	"cb000000000\r\n"
>> 4:17:32 |  63 62 0A 0A 	"cb\n\n"
<< 4:17:32 |  63 62 30 30 30 30 30 30 30 30 30 0D 0A 	"cb000000000\r\n"
>> 4:17:32 |  63 62 0A 0A 	"cb\n\n"
<< 4:17:32 |  63 62 30 30 30 30 30 30 30 30 30 0D 0A 	"cb000000000\r\n"
>> 4:17:33 |  63 62 0A 0A 	"cb\n\n"
<< 4:17:33 |  63 62 30 30 30 30 30 30 30 30 30 0D 0A 	"cb000000000\r\n"
>> 4:17:34 |  63 62 0A 0A 	"cb\n\n"
<< 4:17:34 |  63 62 30 30 30 30 30 30 30 30 30 0D 0A 	"cb000000000\r\n"
>> 4:17:35 |  63 62 0A 0A 	"cb\n\n"
<< 4:17:35 |  63 62 30 30 30 30 30 30 30 30 30 0D 0A 	"cb000000000\r\n"
>> 4:17:36 |  63 62 0A 0A 	"cb\n\n"
<< 4:17:36 |  63 62 30 30 30 30 30 30 30 30 30 0D 0A 	"cb000000000\r\n"
>> 4:17:37 |  63 62 0A 0A 	"cb\n\n"
<< 4:17:37 |  63 62 30 30 30 30 30 30 30 30 30 0D 0A 	"cb000000000\r\n"
>> 4:17:37 |  63 62 0A 0A 	"cb\n\n"
<< 4:17:37 |  63 62 30 30 30 30 30 30 30 30 30 0D 0A 	"cb000000000\r\n"
>> 4:17:37 |  63 63 0A 0A 	"cc\n\n"
<< 4:17:37 |  63 63 30 30 30 30 30 30 30 30 30 0D 0A 	"cc000000000\r\n"
>> 4:17:38 |  63 62 0A 0A 	"cb\n\n"
<< 4:17:38 |  63 62 30 30 30 30 30 30 30 30 30 0D 0A 	"cb000000000\r\n"
>> 4:17:38 |  63 63 0A 0A 	"cc\n\n"
<< 4:17:38 |  63 63 30 30 30 30 30 30 30 30 30 0D 0A 	"cc000000000\r\n"
>> 4:17:39 |  63 62 0A 0A 	"cb\n\n"
<< 4:17:39 |  63 62 30 30 30 30 30 30 30 30 30 0D 0A 	"cb000000000\r\n"
>> 4:17:39 |  63 63 0A 0A 	"cc\n\n"
<< 4:17:39 |  63 63 30 30 30 30 30 30 30 30 30 0D 0A 	"cc000000000\r\n"
>> 4:17:40 |  63 62 0A 0A 	"cb\n\n"
<< 4:17:40 |  63 62 30 30 30 30 30 30 30 30 30 0D 0A 	"cb000000000\r\n"
>> 4:17:40 |  63 63 0A 0A 	"cc\n\n"
<< 4:17:40 |  63 	"c"
>> 4:17:41 |  63 62 0A 0A 	"cb\n\n"
<< 4:17:41 |  63 30 30 30 30 30 30 30 30 30 0D 0A 63 62 30 30 30 30 30 30 30 30 30 0D 0A 	"c000000000\r\ncb000000000\r\n"
>> 4:17:41 |  63 63 0A 0A 	"cc\n\n"
<< 4:17:41 |  63 63 30 30 30 30 30 30 30 30 30 0D 0A 	"cc000000000\r\n"
>> 4:17:42 |  63 62 0A 0A 	"cb\n\n"
<< 4:17:42 |  63 	"c"
>> 4:17:42 |  63 63 0A 0A 	"cc\n\n"
<< 4:17:42 |  62 30 30 30 30 30 30 30 30 30 0D 0A 63 63 30 30 30 30 30 30 30 30 30 0D 0A 	"b000000000\r\ncc000000000\r\n"
>> 4:17:42 |  63 62 0A 0A 	"cb\n\n"
<< 4:17:42 |  63 62 30 30 30 30 30 30 30 30 30 0D 0A 	"cb000000000\r\n"
>> 4:17:42 |  63 63 0A 0A 	"cc\n\n"
<< 4:17:42 |  63 63 30 30 30 30 30 30 30 30 30 0D 0A 	"cc000000000\r\n"
>> 4:17:43 |  63 62 0A 0A 	"cb\n\n"
<< 4:17:43 |  63 62 30 30 30 30 30 30 30 30 30 0D 0A 	"cb000000000\r\n"
>> 4:17:43 |  63 63 0A 0A 	"cc\n\n"
>> 4:17:44 |  63 62 0A 0A 	"cb\n\n"
<< 4:17:44 |  63 63 30 30 30 30 30 30 30 30 30 0D 0A 63 62 30 30 30 30 30 30 30 30 30 0D 0A 	"cc000000000\r\ncb000000000\r\n"
>> 4:17:44 |  63 63 0A 0A 	"cc\n\n"
<< 4:17:44 |  63 63 30 30 30 30 30 30 37 31 35 0D 0A 	"cc000000715\r\n"
>> 4:17:45 |  63 62 0A 0A 	"cb\n\n"
<< 4:17:45 |  63 62 30 30 30 30 30 30 30 30 30 0D 0A 	"cb000000000\r\n"
>> 4:17:45 |  63 63 0A 0A 	"cc\n\n"
<< 4:17:45 |  63 	"c"
>> 4:17:45 |  63 62 0A 0A 	"cb\n\n"
<< 4:17:45 |  63 30 30 30 30 30 30 39 31 39 0D 0A 63 62 30 30 30 30 30 30 30 30 30 0D 0A 	"c000000919\r\ncb000000000\r\n"
>> 4:17:46 |  63 63 0A 0A 	"cc\n\n"
<< 4:17:46 |  63 63 30 30 30 30 30 30 30 30 30 0D 0A 	"cc000000000\r\n"
>> 4:17:46 |  63 62 0A 0A 	"cb\n\n"
<< 4:17:46 |  63 62 30 30 30 30 30 30 30 30 30 0D 0A 	"cb000000000\r\n"
>> 4:17:47 |  63 63 0A 0A 	"cc\n\n"
<< 4:17:47 |  63 	"c"
>> 4:17:47 |  63 62 0A 0A 	"cb\n\n"
<< 4:17:47 |  63 30 30 30 30 30 30 30 30 30 0D 0A 63 62 30 30 30 30 30 30 30 30 30 0D 0A 	"c000000000\r\ncb000000000\r\n"
>> 4:17:47 |  63 63 0A 0A 	"cc\n\n"
>> 4:17:48 |  63 62 0A 0A 	"cb\n\n"
<< 4:17:48 |  63 63 30 30 30 30 30 30 30 30 30 0D 0A 63 62 30 30 30 30 30 30 30 30 30 0D 0A 	"cc000000000\r\ncb000000000\r\n"
>> 4:17:48 |  63 63 0A 0A 	"cc\n\n"
<< 4:17:48 |  63 63 30 30 30 30 30 30 30 30 30 0D 0A 	"cc000000000\r\n"
>> 4:17:49 |  63 62 0A 0A 	"cb\n\n"
<< 4:17:49 |  63 62 30 30 30 30 30 30 30 30 30 0D 0A 	"cb000000000\r\n"
>> 4:17:49 |  63 63 0A 0A 	"cc\n\n"
<< 4:17:49 |  63 63 30 30 30 30 30 30 30 30 30 0D 0A 	"cc000000000\r\n"
>> 4:17:50 |  63 62 0A 0A 	"cb\n\n"
<< 4:17:50 |  63 	"c"
>> 4:17:50 |  63 63 0A 0A 	"cc\n\n"
<< 4:17:50 |  62 30 30 30 30 30 30 30 30 30 0D 0A 63 63 30 30 30 30 30 30 30 30 30 0D 0A 	"b000000000\r\ncc000000000\r\n"
>> 4:17:50 |  63 62 0A 0A 	"cb\n\n"
<< 4:17:50 |  63 62 30 30 30 30 30 30 30 30 30 0D 0A 	"cb000000000\r\n"
>> 4:17:50 |  63 63 0A 0A 	"cc\n\n"
<< 4:17:50 |  63 63 30 30 30 30 30 30 30 30 30 0D 0A 	"cc000000000\r\n"
>> 4:17:51 |  63 62 0A 0A 	"cb\n\n"
<< 4:17:51 |  63 62 30 30 30 30 30 30 30 30 30 0D 0A 	"cb000000000\r\n"
>> 4:17:51 |  63 63 0A 0A 	"cc\n\n"
<< 4:17:51 |  63 63 30 30 30 30 30 30 30 30 30 0D 0A 	"cc000000000\r\n"
>> 4:17:52 |  63 62 0A 0A 	"cb\n\n"
<< 4:17:52 |  63 62 30 30 30 30 30 30 30 30 30 0D 0A 	"cb000000000\r\n"
>> 4:17:52 |  63 63 0A 0A 	"cc\n\n"
>> 4:17:53 |  63 62 0A 0A 	"cb\n\n"
<< 4:17:53 |  63 63 30 30 30 30 30 30 30 30 30 0D 0A 63 62 30 30 30 30 30 30 30 30 30 0D 0A 	"cc000000000\r\ncb000000000\r\n"
>> 4:17:53 |  63 63 0A 0A 	"cc\n\n"
<< 4:17:53 |  63 63 30 30 30 30 30 30 30 30 30 0D 0A 	"cc000000000\r\n"
>> 4:17:54 |  63 62 0A 0A 	"cb\n\n"
<< 4:17:54 |  63 62 30 30 30 30 30 30 30 30 30 0D 0A 	"cb000000000\r\n"
>> 4:17:54 |  63 63 0A 0A 	"cc\n\n"
<< 4:17:54 |  63 63 30 30 30 30 30 30 30 30 30 0D 0A 	"cc000000000\r\n"
>> 4:17:55 |  63 62 0A 0A 	"cb\n\n"
<< 4:17:55 |  63 62 30 30 30 30 30 30 30 30 30 0D 0A 	"cb000000000\r\n"
>> 4:17:55 |  63 63 0A 0A 	"cc\n\n"
<< 4:17:55 |  63 63 30 30 30 30 30 30 30 30 30 0D 0A 	"cc000000000\r\n"
>> 4:17:55 |  63 62 0A 0A 	"cb\n\n"
<< 4:17:55 |  63 62 30 30 30 30 30 30 30 30 30 0D 0A 	"cb000000000\r\n"
>> 4:17:55 |  63 63 0A 0A 	"cc\n\n"
<< 4:17:55 |  63 63 30 30 30 30 30 30 30 30 30 0D 0A 	"cc000000000\r\n"
>> 4:17:56 |  63 62 0A 0A 	"cb\n\n"
<< 4:17:56 |  63 62 30 30 30 30 30 30 30 30 30 0D 0A 	"cb000000000\r\n"
>> 4:17:56 |  63 63 0A 0A 	"cc\n\n"
>> 4:17:57 |  63 62 0A 0A 	"cb\n\n"
<< 4:17:57 |  63 63 30 30 30 30 30 30 30 30 30 0D 0A 63 62 30 30 30 30 30 30 30 30 30 0D 0A 	"cc000000000\r\ncb000000000\r\n"
>> 4:17:57 |  63 63 0A 0A 	"cc\n\n"
<< 4:17:57 |  63 	"c"
>> 4:17:58 |  63 62 0A 0A 	"cb\n\n"
<< 4:17:58 |  63 30 30 30 30 30 30 30 30 30 0D 0A 63 62 30 30 30 30 30 30 30 30 30 0D 0A 	"c000000000\r\ncb000000000\r\n"
>> 4:17:58 |  63 63 0A 0A 	"cc\n\n"
>> 4:17:59 |  63 62 0A 0A 	"cb\n\n"
<< 4:17:59 |  63 63 30 30 30 30 30 30 30 30 30 0D 0A 63 62 30 30 30 30 30 30 30 30 30 0D 0A 	"cc000000000\r\ncb000000000\r\n"
>> 4:17:59 |  63 63 0A 0A 	"cc\n\n"
<< 4:17:59 |  63 63 30 30 30 30 30 30 30 30 30 0D 0A 	"cc000000000\r\n"
>> 4:18:00 |  63 62 0A 0A 	"cb\n\n"
<< 4:18:00 |  63 62 30 30 30 30 30 30 30 30 30 0D 0A 	"cb000000000\r\n"
>> 4:18:00 |  63 63 0A 0A 	"cc\n\n"
<< 4:18:00 |  63 	"c"
>> 4:18:00 |  63 62 0A 0A 	"cb\n\n"
<< 4:18:00 |  63 30 30 30 30 30 30 30 30 30 0D 0A 63 62 30 30 30 30 30 30 30 30 30 0D 0A 	"c000000000\r\ncb000000000\r\n"
>> 4:18:00 |  63 63 0A 0A 	"cc\n\n"
<< 4:18:00 |  63 63 30 30 30 30 30 30 30 30 30 0D 0A 	"cc000000000\r\n"
>> 4:18:01 |  63 62 0A 0A 	"cb\n\n"
<< 4:18:01 |  63 62 30 30 30 30 30 30 30 30 30 0D 0A 	"cb000000000\r\n"
>> 4:18:01 |  63 63 0A 0A 	"cc\n\n"
<< 4:18:01 |  63 	"c"
>> 4:18:02 |  63 62 0A 0A 	"cb\n\n"
<< 4:18:02 |  63 30 30 30 30 30 30 30 30 30 0D 0A 63 	"c000000000\r\nc"
>> 4:18:02 |  63 63 0A 0A 	"cc\n\n"
<< 4:18:02 |  62 30 30 30 30 30 30 30 30 30 0D 0A 63 63 30 30 30 30 30 30 30 30 30 0D 0A 	"b000000000\r\ncc000000000\r\n"
>> 4:18:03 |  63 62 0A 0A 	"cb\n\n"
<< 4:18:03 |  63 62 30 30 30 30 30 30 30 30 30 0D 0A 	"cb000000000\r\n"
>> 4:18:03 |  63 63 0A 0A 	"cc\n\n"
<< 4:18:03 |  63 	"c"
>> 4:18:04 |  63 62 0A 0A 	"cb\n\n"
<< 4:18:04 |  63 30 30 30 30 30 30 30 30 30 0D 0A 63 62 30 30 30 30 30 30 30 30 30 0D 0A 	"c000000000\r\ncb000000000\r\n"
>> 4:18:04 |  63 63 0A 0A 	"cc\n\n"
>> 4:18:05 |  63 62 0A 0A 	"cb\n\n"
<< 4:18:05 |  63 63 30 30 30 30 30 30 30 30 30 0D 0A 63 62 30 30 30 30 30 30 30 30 30 0D 0A 	"cc000000000\r\ncb000000000\r\n"
>> 4:18:05 |  63 63 0A 0A 	"cc\n\n"
<< 4:18:05 |  63 63 30 30 30 30 30 30 30 30 30 0D 0A 	"cc000000000\r\n"
>> 4:18:06 |  63 62 0A 0A 	"cb\n\n"
<< 4:18:06 |  63 62 30 30 30 30 30 30 30 30 30 0D 0A 	"cb000000000\r\n"
>> 4:18:06 |  63 63 0A 0A 	"cc\n\n"
>> 4:18:06 |  63 62 0A 0A 	"cb\n\n"
<< 4:18:06 |  63 63 30 30 30 30 30 30 30 30 30 0D 0A 63 62 30 30 30 30 30 30 30 30 30 0D 0A 	"cc000000000\r\ncb000000000\r\n"
>> 4:18:06 |  63 63 0A 0A 	"cc\n\n"
<< 4:18:06 |  63 63 30 30 30 30 30 30 30 30 30 0D 0A 	"cc000000000\r\n"
>> 4:18:07 |  63 62 0A 0A 	"cb\n\n"
<< 4:18:07 |  63 62 30 30 30 30 30 30 30 30 30 0D 0A 	"cb000000000\r\n"
>> 4:18:07 |  63 63 0A 0A 	"cc\n\n"
<< 4:18:07 |  63 63 30 30 30 30 30 30 30 30 30 0D 0A 	"cc000000000\r\n"
>> 4:18:08 |  63 62 0A 0A 	"cb\n\n"
<< 4:18:08 |  63 62 30 30 30 30 30 30 30 30 30 0D 0A 	"cb000000000\r\n"
>> 4:18:08 |  63 63 0A 0A 	"cc\n\n"
>> 4:18:09 |  63 62 0A 0A 	"cb\n\n"
<< 4:18:09 |  63 63 30 30 30 30 30 30 30 30 30 0D 0A 63 62 30 30 30 30 30 30 30 30 30 0D 0A 	"cc000000000\r\ncb000000000\r\n"
>> 4:18:09 |  63 63 0A 0A 	"cc\n\n"
<< 4:18:09 |  63 63 30 30 30 30 30 30 30 30 30 0D 0A 	"cc000000000\r\n"
>> 4:18:10 |  63 62 0A 0A 	"cb\n\n"
<< 4:18:10 |  63 62 30 30 30 30 30 30 30 30 	"cb00000000"
>> 4:18:10 |  63 63 0A 0A 	"cc\n\n"
<< 4:18:10 |  30 0D 0A 63 63 30 30 30 30 30 30 30 30 30 0D 0A 	"0\r\ncc000000000\r\n"
>> 4:18:11 |  63 62 0A 0A 	"cb\n\n"
<< 4:18:11 |  63 62 30 30 30 30 30 30 30 30 30 0D 0A 	"cb000000000\r\n"
>> 4:18:11 |  63 63 0A 0A 	"cc\n\n"
<< 4:18:11 |  63 63 30 30 30 30 30 30 30 30 30 0D 0A 	"cc000000000\r\n"
>> 4:18:11 |  63 62 0A 0A 	"cb\n\n"
<< 4:18:11 |  63 62 30 30 30 30 30 30 30 30 30 0D 0A 	"cb000000000\r\n"
>> 4:18:11 |  63 63 0A 0A 	"cc\n\n"
<< 4:18:11 |  63 63 30 30 30 30 30 30 30 30 30 0D 0A 	"cc000000000\r\n"
>> 4:18:12 |  63 62 0A 0A 	"cb\n\n"
<< 4:18:12 |  63 62 30 30 30 30 30 30 30 30 30 0D 0A 	"cb000000000\r\n"
>> 4:18:12 |  63 63 0A 0A 	"cc\n\n"
<< 4:18:12 |  63 63 30 30 30 30 30 30 30 30 30 0D 0A 	"cc000000000\r\n"
>> 4:18:13 |  63 62 0A 0A 	"cb\n\n"
>> 4:18:13 |  63 63 0A 0A 	"cc\n\n"
<< 4:18:13 |  63 62 30 30 30 30 30 30 30 30 30 0D 0A 63 63 30 30 30 30 30 30 30 30 30 0D 0A 	"cb000000000\r\ncc000000000\r\n"
>> 4:18:14 |  63 62 0A 0A 	"cb\n\n"
<< 4:18:14 |  63 62 30 30 30 30 30 30 30 30 30 0D 0A 	"cb000000000\r\n"
>> 4:18:14 |  63 63 0A 0A 	"cc\n\n"
<< 4:18:14 |  63 63 30 30 30 30 30 30 30 30 30 0D 0A 	"cc000000000\r\n"
>> 4:18:15 |  63 62 0A 0A 	"cb\n\n"
<< 4:18:15 |  63 62 30 30 30 30 30 30 30 30 30 0D 0A 	"cb000000000\r\n"
>> 4:18:15 |  63 63 0A 0A 	"cc\n\n"
<< 4:18:15 |  63 	"c"
>> 4:18:16 |  63 62 0A 0A 	"cb\n\n"
<< 4:18:16 |  63 30 30 30 30 30 30 30 30 30 0D 0A 63 62 30 30 30 30 30 30 30 30 30 0D 0A 	"c000000000\r\ncb000000000\r\n"
>> 4:18:16 |  63 63 0A 0A 	"cc\n\n"
>> 4:18:16 |  63 62 0A 0A 	"cb\n\n"
<< 4:18:16 |  63 63 30 30 30 30 30 30 30 30 30 0D 0A 63 62 30 30 30 30 30 30 30 30 30 0D 0A 	"cc000000000\r\ncb000000000\r\n"
>> 4:18:16 |  63 63 0A 0A 	"cc\n\n"
<< 4:18:16 |  63 63 30 30 30 30 30 30 30 30 30 0D 0A 	"cc000000000\r\n"
>> 4:18:17 |  63 65 0A 0A 	"ce\n\n"
<< 4:18:17 |  63 65 30 30 30 30 30 30 30 30 30 0D 0A 	"ce000000000\r\n"
>> 4:18:17 |  63 62 0A 0A 	"cb\n\n"
>> 4:18:18 |  63 65 0A 0A 	"ce\n\n"
<< 4:18:18 |  63 62 30 30 30 30 30 30 30 30 30 0D 0A 63 65 30 30 30 30 30 30 30 30 30 0D 0A 	"cb000000000\r\nce000000000\r\n"
>> 4:18:18 |  63 62 0A 0A 	"cb\n\n"
>> 4:18:19 |  63 65 0A 0A 	"ce\n\n"
<< 4:18:19 |  63 62 30 30 30 30 30 30 30 30 30 0D 0A 63 65 30 30 30 30 30 30 30 30 30 0D 0A 	"cb000000000\r\nce000000000\r\n"
>> 4:18:19 |  63 62 0A 0A 	"cb\n\n"
>> 4:18:20 |  63 65 0A 0A 	"ce\n\n"
<< 4:18:20 |  63 62 30 30 30 30 30 30 30 30 30 0D 0A 63 65 30 30 30 30 30 30 30 30 30 0D 0A 	"cb000000000\r\nce000000000\r\n"
>> 4:18:20 |  63 62 0A 0A 	"cb\n\n"
>> 4:18:21 |  63 65 0A 0A 	"ce\n\n"
<< 4:18:21 |  63 62 30 30 30 30 30 30 30 30 30 0D 0A 63 65 30 30 30 30 30 30 30 30 30 0D 0A 	"cb000000000\r\nce000000000\r\n"
>> 4:18:21 |  63 62 0A 0A 	"cb\n\n"
<< 4:18:21 |  63 62 30 30 30 30 30 30 30 30 30 0D 0A 	"cb000000000\r\n"
>> 4:18:21 |  63 65 0A 0A 	"ce\n\n"
<< 4:18:21 |  63 65 30 30 30 30 30 30 30 30 30 0D 0A 	"ce000000000\r\n"
>> 4:18:21 |  63 62 0A 0A 	"cb\n\n"
<< 4:18:21 |  63 62 30 30 30 30 30 30 30 30 30 0D 0A 	"cb000000000\r\n"
>> 4:18:22 |  63 65 0A 0A 	"ce\n\n"
<< 4:18:22 |  63 65 30 30 30 30 30 30 30 30 30 0D 0A 	"ce000000000\r\n"
>> 4:18:22 |  63 62 0A 0A 	"cb\n\n"
<< 4:18:22 |  63 62 30 30 30 30 30 30 30 30 30 0D 0A 	"cb000000000\r\n"
>> 4:18:23 |  63 65 0A 0A 	"ce\n\n"
<< 4:18:23 |  63 65 30 30 30 30 30 30 30 30 30 0D 0A 	"ce000000000\r\n"
>> 4:18:23 |  63 62 0A 0A 	"cb\n\n"
<< 4:18:23 |  63 	"c"
>> 4:18:24 |  63 65 0A 0A 	"ce\n\n"
<< 4:18:24 |  62 30 30 30 30 30 30 30 30 30 0D 0A 63 65 30 30 30 30 30 30 30 30 30 0D 0A 	"b000000000\r\nce000000000\r\n"
>> 4:18:24 |  63 62 0A 0A 	"cb\n\n"
<< 4:18:24 |  63 62 30 30 30 30 30 30 30 30 30 0D 0A 	"cb000000000\r\n"
>> 4:18:25 |  63 65 0A 0A 	"ce\n\n"
<< 4:18:25 |  63 65 30 30 30 30 30 30 30 30 30 0D 0A 	"ce000000000\r\n"
>> 4:18:25 |  63 62 0A 0A 	"cb\n\n"
<< 4:18:25 |  63 62 30 30 30 30 30 30 30 30 30 0D 0A 	"cb000000000\r\n"
>> 4:18:26 |  63 65 0A 0A 	"ce\n\n"
<< 4:18:26 |  63 65 30 30 30 30 30 30 30 30 30 0D 0A 	"ce000000000\r\n"
>> 4:18:26 |  63 62 0A 0A 	"cb\n\n"
>> 4:18:26 |  63 65 0A 0A 	"ce\n\n"
<< 4:18:26 |  63 62 30 30 30 30 30 30 30 30 30 0D 0A 63 65 30 30 30 30 30 30 30 30 30 0D 0A 	"cb000000000\r\nce000000000\r\n"
>> 4:18:26 |  63 62 0A 0A 	"cb\n\n"
<< 4:18:26 |  63 62 30 30 30 30 30 30 30 30 30 0D 0A 	"cb000000000\r\n"
>> 4:18:27 |  63 65 0A 0A 	"ce\n\n"
<< 4:18:27 |  63 65 30 30 30 30 30 30 30 30 30 0D 0A 	"ce000000000\r\n"
>> 4:18:27 |  63 62 0A 0A 	"cb\n\n"
>> 4:18:28 |  63 65 0A 0A 	"ce\n\n"
<< 4:18:28 |  63 62 30 30 30 30 30 30 30 30 30 0D 0A 63 65 30 30 30 30 30 30 30 30 30 0D 0A 	"cb000000000\r\nce000000000\r\n"
>> 4:18:28 |  63 62 0A 0A 	"cb\n\n"
<< 4:18:28 |  63 62 30 30 30 30 30 30 30 30 30 0D 0A 	"cb000000000\r\n"
>> 4:18:29 |  63 65 0A 0A 	"ce\n\n"
<< 4:18:29 |  63 65 30 30 30 30 30 30 30 30 30 0D 0A 	"ce000000000\r\n"
>> 4:18:29 |  63 62 0A 0A 	"cb\n\n"
<< 4:18:29 |  63 	"c"
>> 4:18:30 |  63 65 0A 0A 	"ce\n\n"
<< 4:18:30 |  62 30 30 30 30 30 30 30 30 30 0D 0A 63 65 30 30 30 30 30 30 30 30 30 0D 0A 	"b000000000\r\nce000000000\r\n"
>> 4:18:30 |  63 62 0A 0A 	"cb\n\n"
<< 4:18:30 |  63 	"c"
>> 4:18:31 |  63 65 0A 0A 	"ce\n\n"
<< 4:18:31 |  62 30 30 30 30 30 30 30 30 30 0D 0A 63 65 30 30 30 30 30 30 30 30 30 0D 0A 	"b000000000\r\nce000000000\r\n"
>> 4:18:31 |  63 62 0A 0A 	"cb\n\n"
>> 4:18:32 |  63 65 0A 0A 	"ce\n\n"
<< 4:18:32 |  63 62 30 30 30 30 30 30 30 30 30 0D 0A 63 65 30 30 30 30 30 30 30 30 30 0D 0A 	"cb000000000\r\nce000000000\r\n"
>> 4:18:32 |  63 62 0A 0A 	"cb\n\n"
>> 4:18:32 |  63 65 0A 0A 	"ce\n\n"
<< 4:18:32 |  63 62 30 30 30 30 30 30 30 30 30 0D 0A 63 65 30 30 30 30 30 30 30 30 30 0D 0A 	"cb000000000\r\nce000000000\r\n"
>> 4:18:32 |  63 62 0A 0A 	"cb\n\n"
<< 4:18:32 |  63 62 30 30 30 30 30 30 30 30 30 0D 0A 	"cb000000000\r\n"
>> 4:18:33 |  63 65 0A 0A 	"ce\n\n"
<< 4:18:33 |  63 65 30 30 30 30 30 30 30 30 30 0D 0A 	"ce000000000\r\n"
>> 4:18:33 |  63 62 0A 0A 	"cb\n\n"
>> 4:18:34 |  63 65 0A 0A 	"ce\n\n"
<< 4:18:34 |  63 62 30 30 30 30 30 30 30 30 30 0D 0A 63 65 30 30 30 30 30 30 30 30 30 0D 0A 	"cb000000000\r\nce000000000\r\n"
>> 4:18:34 |  63 62 0A 0A 	"cb\n\n"
<< 4:18:34 |  63 62 30 30 30 30 30 30 30 30 30 0D 0A 	"cb000000000\r\n"
>> 4:18:35 |  63 65 0A 0A 	"ce\n\n"
<< 4:18:35 |  63 65 30 30 30 30 30 30 30 30 30 0D 0A 	"ce000000000\r\n"
>> 4:18:35 |  63 62 0A 0A 	"cb\n\n"
<< 4:18:35 |  63 62 30 30 30 30 30 30 30 30 30 0D 0A 	"cb000000000\r\n"
>> 4:18:36 |  63 65 0A 0A 	"ce\n\n"
<< 4:18:36 |  63 65 30 30 30 30 30 30 30 30 30 0D 0A 	"ce000000000\r\n"
>> 4:18:36 |  63 62 0A 0A 	"cb\n\n"
<< 4:18:36 |  63 62 30 30 30 30 30 30 30 30 	"cb00000000"
>> 4:18:37 |  63 65 0A 0A 	"ce\n\n"
<< 4:18:37 |  30 0D 0A 63 65 30 30 30 30 30 30 30 30 30 0D 0A 	"0\r\nce000000000\r\n"
>> 4:18:37 |  63 62 0A 0A 	"cb\n\n"
>> 4:18:37 |  63 65 0A 0A 	"ce\n\n"
<< 4:18:37 |  63 62 30 30 30 30 30 30 30 30 30 0D 0A 63 65 30 30 30 30 30 30 30 30 30 0D 0A 	"cb000000000\r\nce000000000\r\n"
>> 4:18:37 |  63 62 0A 0A 	"cb\n\n"
<< 4:18:37 |  63 	"c"
>> 4:18:38 |  63 65 0A 0A 	"ce\n\n"
<< 4:18:38 |  62 30 30 30 30 30 30 30 30 30 0D 0A 63 65 30 30 30 30 30 30 30 30 30 0D 0A 	"b000000000\r\nce000000000\r\n"
>> 4:18:38 |  63 62 0A 0A 	"cb\n\n"
>> 4:18:39 |  63 65 0A 0A 	"ce\n\n"
<< 4:18:39 |  63 62 30 30 30 30 30 30 30 30 30 0D 0A 63 65 30 30 30 30 30 30 30 30 30 0D 0A 	"cb000000000\r\nce000000000\r\n"
>> 4:18:39 |  63 62 0A 0A 	"cb\n\n"
>> 4:18:40 |  63 65 0A 0A 	"ce\n\n"
<< 4:18:40 |  63 62 30 30 30 30 30 30 30 30 30 0D 0A 63 65 30 30 30 30 30 30 30 30 30 0D 0A 	"cb000000000\r\nce000000000\r\n"
>> 4:18:40 |  63 62 0A 0A 	"cb\n\n"
<< 4:18:40 |  63 	"c"
>> 4:18:41 |  63 65 0A 0A 	"ce\n\n"
<< 4:18:41 |  62 30 30 30 30 30 30 30 30 30 0D 0A 63 65 30 30 30 30 30 30 30 30 30 0D 0A 	"b000000000\r\nce000000000\r\n"
>> 4:18:41 |  63 62 0A 0A 	"cb\n\n"
>> 4:18:41 |  63 65 0A 0A 	"ce\n\n"
<< 4:18:42 |  63 62 30 30 30 30 30 30 30 30 30 0D 0A 63 65 30 30 30 30 30 30 30 30 30 0D 0A 	"cb000000000\r\nce000000000\r\n"
>> 4:18:42 |  63 62 0A 0A 	"cb\n\n"
<< 4:18:42 |  63 	"c"
>> 4:18:42 |  63 65 0A 0A 	"ce\n\n"
<< 4:18:42 |  62 30 30 30 30 30 30 30 30 30 0D 0A 63 65 30 30 30 30 30 30 30 30 30 0D 0A 	"b000000000\r\nce000000000\r\n"
>> 4:18:42 |  63 62 0A 0A 	"cb\n\n"
<< 4:18:42 |  63 62 30 30 30 30 30 30 30 30 30 0D 0A 	"cb000000000\r\n"
>> 4:18:43 |  63 65 0A 0A 	"ce\n\n"
<< 4:18:43 |  63 65 30 30 30 30 30 30 30 30 30 0D 0A 	"ce000000000\r\n"
>> 4:18:43 |  63 62 0A 0A 	"cb\n\n"
<< 4:18:43 |  63 	"c"
>> 4:18:44 |  63 65 0A 0A 	"ce\n\n"
<< 4:18:44 |  62 30 30 30 30 30 30 30 30 30 0D 0A 63 65 30 30 30 30 30 30 30 30 30 0D 0A 	"b000000000\r\nce000000000\r\n"
>> 4:18:44 |  63 62 0A 0A 	"cb\n\n"
<< 4:18:44 |  63 62 30 30 30 30 30 30 30 30 30 0D 0A 	"cb000000000\r\n"
>> 4:18:45 |  63 65 0A 0A 	"ce\n\n"
<< 4:18:45 |  63 65 30 30 30 30 30 30 30 30 30 0D 0A 	"ce000000000\r\n"
>> 4:18:45 |  63 62 0A 0A 	"cb\n\n"
>> 4:18:46 |  63 65 0A 0A 	"ce\n\n"
<< 4:18:46 |  63 62 30 30 30 30 30 30 30 30 30 0D 0A 63 65 30 30 30 30 30 30 30 30 30 0D 0A 	"cb000000000\r\nce000000000\r\n"
>> 4:18:46 |  63 62 0A 0A 	"cb\n\n"
>> 4:18:47 |  63 65 0A 0A 	"ce\n\n"
<< 4:18:47 |  63 62 30 30 30 30 30 30 30 30 30 0D 0A 63 65 30 30 30 30 30 30 30 30 30 0D 0A 	"cb000000000\r\nce000000000\r\n"
>> 4:18:47 |  63 62 0A 0A 	"cb\n\n"
>> 4:18:47 |  63 65 0A 0A 	"ce\n\n"
<< 4:18:47 |  63 62 30 30 30 30 30 30 30 30 30 0D 0A 63 65 30 30 30 30 30 30 30 30 30 0D 0A 	"cb000000000\r\nce000000000\r\n"
>> 4:18:47 |  63 62 0A 0A 	"cb\n\n"
<< 4:18:47 |  63 62 30 30 30 30 30 30 30 30 30 0D 0A 	"cb000000000\r\n"
>> 4:18:48 |  63 65 0A 0A 	"ce\n\n"
<< 4:18:48 |  63 65 30 30 30 30 30 30 30 30 30 0D 0A 	"ce000000000\r\n"
>> 4:18:48 |  63 62 0A 0A 	"cb\n\n"
<< 4:18:48 |  63 62 30 30 30 30 30 30 30 30 30 0D 0A 	"cb000000000\r\n"
>> 4:18:49 |  63 65 0A 0A 	"ce\n\n"
<< 4:18:49 |  63 65 30 30 30 30 30 30 30 30 30 0D 0A 	"ce000000000\r\n"
>> 4:18:49 |  63 62 0A 0A 	"cb\n\n"
>> 4:18:50 |  63 65 0A 0A 	"ce\n\n"
<< 4:18:50 |  63 62 30 30 30 30 30 30 30 30 30 0D 0A 63 65 30 30 30 30 30 30 30 30 30 0D 0A 	"cb000000000\r\nce000000000\r\n"
>> 4:18:50 |  63 62 0A 0A 	"cb\n\n"
>> 4:18:51 |  63 65 0A 0A 	"ce\n\n"
<< 4:18:51 |  63 62 30 30 30 30 30 30 30 30 30 0D 0A 63 65 30 30 30 30 30 30 30 30 30 0D 0A 	"cb000000000\r\nce000000000\r\n"
>> 4:18:51 |  63 62 0A 0A 	"cb\n\n"
<< 4:18:51 |  63 62 30 30 30 30 30 30 30 30 30 0D 0A 	"cb000000000\r\n"
>> 4:18:52 |  63 65 0A 0A 	"ce\n\n"
<< 4:18:52 |  63 65 30 30 30 30 30 30 30 30 30 0D 0A 	"ce000000000\r\n"
>> 4:18:52 |  63 62 0A 0A 	"cb\n\n"
<< 4:18:52 |  63 	"c"
>> 4:18:52 |  63 65 0A 0A 	"ce\n\n"
<< 4:18:52 |  62 30 30 30 30 30 30 30 30 30 0D 0A 63 65 30 30 30 30 30 30 30 30 30 0D 0A 	"b000000000\r\nce000000000\r\n"
>> 4:18:52 |  63 62 0A 0A 	"cb\n\n"
<< 4:18:53 |  63 	"c"
>> 4:18:53 |  63 65 0A 0A 	"ce\n\n"
<< 4:18:53 |  62 30 30 30 30 30 30 30 30 30 0D 0A 63 65 30 30 30 30 30 30 30 30 30 0D 0A 	"b000000000\r\nce000000000\r\n"
>> 4:18:53 |  63 62 0A 0A 	"cb\n\n"
>> 4:18:54 |  63 65 0A 0A 	"ce\n\n"
<< 4:18:54 |  63 62 30 30 30 30 30 30 30 30 30 0D 0A 63 65 30 30 30 30 30 30 30 30 30 0D 0A 	"cb000000000\r\nce000000000\r\n"
>> 4:18:54 |  63 62 0A 0A 	"cb\n\n"
>> 4:18:55 |  63 65 0A 0A 	"ce\n\n"
<< 4:18:55 |  63 62 30 30 30 30 30 30 30 30 30 0D 0A 63 65 30 30 30 30 30 30 30 30 30 0D 0A 	"cb000000000\r\nce000000000\r\n"
>> 4:18:55 |  63 62 0A 0A 	"cb\n\n"
>> 4:18:56 |  63 65 0A 0A 	"ce\n\n"
<< 4:18:56 |  63 62 30 30 30 30 30 30 30 30 30 0D 0A 63 65 30 30 30 30 30 30 30 30 30 0D 0A 	"cb000000000\r\nce000000000\r\n"
>> 4:18:56 |  63 62 0A 0A 	"cb\n\n"
<< 4:18:56 |  63 62 30 30 30 30 30 30 30 30 	"cb00000000"
>> 4:18:57 |  63 65 0A 0A 	"ce\n\n"
<< 4:18:57 |  30 0D 0A 63 65 30 30 30 30 30 30 30 30 30 0D 0A 	"0\r\nce000000000\r\n"
>> 4:18:57 |  63 62 0A 0A 	"cb\n\n"
<< 4:18:57 |  63 62 30 30 30 30 30 30 30 30 30 0D 0A 	"cb000000000\r\n"
>> 4:18:57 |  63 65 0A 0A 	"ce\n\n"
<< 4:18:57 |  63 65 30 30 30 30 30 30 30 30 30 0D 0A 	"ce000000000\r\n"
>> 4:18:57 |  63 62 0A 0A 	"cb\n\n"
<< 4:18:57 |  63 62 30 30 30 30 30 30 30 30 30 0D 0A 	"cb000000000\r\n"
>> 4:18:58 |  63 65 0A 0A 	"ce\n\n"
<< 4:18:58 |  63 65 30 30 30 30 30 30 30 30 30 0D 0A 	"ce000000000\r\n"
>> 4:18:58 |  63 62 0A 0A 	"cb\n\n"
>> 4:18:59 |  63 65 0A 0A 	"ce\n\n"
<< 4:18:59 |  63 62 30 30 30 30 30 30 30 30 30 0D 0A 63 65 30 30 30 30 30 30 30 30 30 0D 0A 	"cb000000000\r\nce000000000\r\n"
>> 4:18:59 |  63 62 0A 0A 	"cb\n\n"
>> 4:19:00 |  63 65 0A 0A 	"ce\n\n"
<< 4:19:00 |  63 62 30 30 30 30 30 30 30 30 30 0D 0A 63 65 30 30 30 30 30 30 30 30 30 0D 0A 	"cb000000000\r\nce000000000\r\n"
>> 4:19:00 |  63 62 0A 0A 	"cb\n\n"
<< 4:19:00 |  63 62 30 30 30 30 30 30 30 30 30 	"cb000000000"
>> 4:19:01 |  63 65 0A 0A 	"ce\n\n"
<< 4:19:01 |  0D 0A 63 65 30 30 30 30 30 30 30 30 30 0D 0A 	"\r\nce000000000\r\n"
>> 4:19:01 |  63 62 0A 0A 	"cb\n\n"
<< 4:19:01 |  63 62 30 30 30 30 30 30 30 30 30 0D 0A 	"cb000000000\r\n"
>> 4:19:02 |  63 65 0A 0A 	"ce\n\n"
<< 4:19:02 |  63 65 30 30 30 30 30 30 30 30 30 0D 0A 	"ce000000000\r\n"
>> 4:19:02 |  63 62 0A 0A 	"cb\n\n"
>> 4:19:03 |  63 65 0A 0A 	"ce\n\n"
<< 4:19:03 |  63 62 30 30 30 30 30 30 30 30 30 0D 0A 63 65 30 30 30 30 30 30 30 30 30 0D 0A 	"cb000000000\r\nce000000000\r\n"
>> 4:19:03 |  63 62 0A 0A 	"cb\n\n"
<< 4:19:03 |  63 62 30 30 30 30 30 30 30 30 30 0D 0A 	"cb000000000\r\n"
>> 4:19:03 |  63 65 0A 0A 	"ce\n\n"
<< 4:19:03 |  63 65 30 30 30 30 30 30 30 30 30 0D 0A 	"ce000000000\r\n"
>> 4:19:03 |  63 62 0A 0A 	"cb\n\n"
<< 4:19:03 |  63 62 30 30 30 30 30 30 30 30 30 0D 0A 	"cb000000000\r\n"
>> 4:19:04 |  63 65 0A 0A 	"ce\n\n"
<< 4:19:04 |  63 65 30 30 30 30 30 30 30 30 30 0D 0A 	"ce000000000\r\n"
>> 4:19:04 |  63 62 0A 0A 	"cb\n\n"
>> 4:19:05 |  63 65 0A 0A 	"ce\n\n"
<< 4:19:05 |  63 62 30 30 30 30 30 30 30 30 30 0D 0A 63 65 30 30 30 30 30 30 30 30 30 0D 0A 	"cb000000000\r\nce000000000\r\n"
>> 4:19:05 |  63 62 0A 0A 	"cb\n\n"
<< 4:19:05 |  63 62 30 30 30 30 30 30 30 30 30 0D 0A 	"cb000000000\r\n"
>> 4:19:06 |  63 65 0A 0A 	"ce\n\n"
<< 4:19:06 |  63 65 30 30 30 30 30 30 30 30 30 0D 0A 	"ce000000000\r\n"
>> 4:19:06 |  63 62 0A 0A 	"cb\n\n"
<< 4:19:06 |  63 62 30 30 30 30 30 30 30 30 30 0D 0A 	"cb000000000\r\n"
>> 4:19:06 |  63 65 0A 0A 	"ce\n\n"
<< 4:19:06 |  63 65 30 30 30 30 30 30 37 36 37 0D 0A 	"ce000000767\r\n"
>> 4:19:07 |  63 62 0A 0A 	"cb\n\n"
<< 4:19:07 |  63 62 30 30 30 30 30 30 30 	"cb0000000"
>> 4:19:07 |  63 65 0A 0A 	"ce\n\n"
<< 4:19:07 |  30 30 0D 0A 63 65 30 30 30 30 30 31 34 38 35 0D 0A 	"00\r\nce000001485\r\n"
>> 4:19:07 |  63 62 0A 0A 	"cb\n\n"
<< 4:19:07 |  63 	"c"
>> 4:19:08 |  63 65 0A 0A 	"ce\n\n"
<< 4:19:08 |  62 30 30 30 30 30 30 30 30 30 0D 0A 63 65 30 30 30 30 30 31 34 38 35 0D 0A 	"b000000000\r\nce000001485\r\n"
>> 4:19:08 |  63 62 0A 0A 	"cb\n\n"
>> 4:19:09 |  63 65 0A 0A 	"ce\n\n"
<< 4:19:09 |  63 62 30 30 30 30 30 30 30 30 30 0D 0A 63 65 30 30 30 30 30 30 33 32 31 0D 0A 	"cb000000000\r\nce000000321\r\n"
>> 4:19:09 |  63 62 0A 0A 	"cb\n\n"
<< 4:19:09 |  63 62 30 30 30 30 30 30 30 30 30 0D 0A 	"cb000000000\r\n"
>> 4:19:10 |  63 65 0A 0A 	"ce\n\n"
<< 4:19:10 |  63 65 30 30 30 30 30 30 34 32 30 0D 0A 	"ce000000420\r\n"
>> 4:19:10 |  63 62 0A 0A 	"cb\n\n"
<< 4:19:10 |  63 62 30 30 30 30 30 30 30 30 30 0D 0A 	"cb000000000\r\n"
>> 4:19:11 |  63 65 0A 0A 	"ce\n\n"
<< 4:19:11 |  63 65 30 30 30 30 30 31 31 31 31 0D 0A 	"ce000001111\r\n"
>> 4:19:11 |  63 62 0A 0A 	"cb\n\n"
<< 4:19:11 |  63 62 30 30 30 30 30 30 30 30 30 0D 0A 	"cb000000000\r\n"
>> 4:19:11 |  63 65 0A 0A 	"ce\n\n"
<< 4:19:11 |  63 65 30 30 30 30 30 30 37 36 36 0D 0A 	"ce000000766\r\n"
>> 4:19:12 |  63 62 0A 0A 	"cb\n\n"
>> 4:19:12 |  63 65 0A 0A 	"ce\n\n"
<< 4:19:12 |  63 62 30 30 30 30 30 30 30 30 30 0D 0A 63 65 30 30 30 30 30 30 30 30 30 0D 0A 	"cb000000000\r\nce000000000\r\n"
>> 4:19:13 |  63 62 0A 0A 	"cb\n\n"
<< 4:19:13 |  63 62 30 30 30 30 30 30 30 	"cb0000000"
>> 4:19:13 |  63 65 0A 0A 	"ce\n\n"
<< 4:19:13 |  30 30 0D 0A 63 65 30 30 30 30 30 30 30 30 30 0D 0A 	"00\r\nce000000000\r\n"
>> 4:19:13 |  63 62 0A 0A 	"cb\n\n"
>> 4:19:14 |  63 65 0A 0A 	"ce\n\n"
<< 4:19:14 |  63 62 30 30 30 30 30 30 30 30 30 0D 0A 63 65 30 30 30 30 30 30 30 30 30 0D 0A 	"cb000000000\r\nce000000000\r\n"
>> 4:19:14 |  63 62 0A 0A 	"cb\n\n"
>> 4:19:15 |  63 65 0A 0A 	"ce\n\n"
<< 4:19:15 |  63 62 30 30 30 30 30 30 30 30 30 0D 0A 63 65 30 30 30 30 30 30 36 35 36 0D 0A 	"cb000000000\r\nce000000656\r\n"
>> 4:19:15 |  63 62 0A 0A 	"cb\n\n"
<< 4:19:15 |  63 62 30 30 30 30 30 30 30 30 30 0D 0A 	"cb000000000\r\n"
>> 4:19:16 |  63 65 0A 0A 	"ce\n\n"
<< 4:19:16 |  63 65 30 30 30 30 30 31 33 36 38 0D 0A 	"ce000001368\r\n"
>> 4:19:16 |  63 62 0A 0A 	"cb\n\n"
<< 4:19:16 |  63 62 30 30 30 30 30 30 30 30 30 0D 0A 	"cb000000000\r\n"
>> 4:19:17 |  63 65 0A 0A 	"ce\n\n"
<< 4:19:17 |  63 65 30 30 30 30 30 31 35 32 35 0D 0A 	"ce000001525\r\n"
>> 4:19:17 |  63 62 0A 0A 	"cb\n\n"
>> 4:19:17 |  63 65 0A 0A 	"ce\n\n"
<< 4:19:18 |  63 62 30 30 30 30 30 30 30 30 30 0D 0A 63 65 30 30 30 30 30 31 35 32 35 0D 0A 	"cb000000000\r\nce000001525\r\n"
>> 4:19:18 |  63 62 0A 0A 	"cb\n\n"
<< 4:19:18 |  63 	"c"
>> 4:19:18 |  63 65 0A 0A 	"ce\n\n"
<< 4:19:18 |  62 30 30 30 30 30 30 30 30 30 0D 0A 63 65 30 30 30 30 30 30 30 37 34 0D 0A 	"b000000000\r\nce000000074\r\n"
>> 4:19:18 |  63 62 0A 0A 	"cb\n\n"
>> 4:19:19 |  63 65 0A 0A 	"ce\n\n"
<< 4:19:19 |  63 62 30 30 30 30 30 30 30 30 30 0D 0A 63 65 30 30 30 30 30 30 37 31 36 0D 0A 	"cb000000000\r\nce000000716\r\n"
>> 4:19:19 |  63 62 0A 0A 	"cb\n\n"
<< 4:19:19 |  63 62 30 30 30 30 30 30 30 30 30 0D 0A 	"cb000000000\r\n"
>> 4:19:20 |  63 65 0A 0A 	"ce\n\n"
<< 4:19:20 |  63 65 30 30 30 30 30 30 37 30 33 0D 0A 	"ce000000703\r\n"
>> 4:19:20 |  63 62 0A 0A 	"cb\n\n"
>> 4:19:21 |  63 65 0A 0A 	"ce\n\n"
<< 4:19:21 |  63 62 30 30 30 30 30 30 30 30 30 0D 0A 63 65 30 30 30 30 30 30 30 30 30 0D 0A 	"cb000000000\r\nce000000000\r\n"
>> 4:19:21 |  63 62 0A 0A 	"cb\n\n"
>> 4:19:22 |  63 65 0A 0A 	"ce\n\n"
<< 4:19:22 |  63 62 30 30 30 30 30 30 30 30 30 0D 0A 63 65 30 30 30 30 30 30 30 30 30 0D 0A 	"cb000000000\r\nce000000000\r\n"
>> 4:19:22 |  63 62 0A 0A 	"cb\n\n"
<< 4:19:22 |  63 62 30 30 30 30 30 30 30 30 30 0D 0A 	"cb000000000\r\n"
>> 4:19:22 |  63 65 0A 0A 	"ce\n\n"
<< 4:19:23 |  63 65 30 30 30 30 30 30 30 30 30 0D 0A 	"ce000000000\r\n"
>> 4:19:23 |  63 62 0A 0A 	"cb\n\n"
<< 4:19:23 |  63 62 30 30 30 30 30 30 30 30 30 	"cb000000000"
>> 4:19:23 |  63 65 0A 0A 	"ce\n\n"
<< 4:19:23 |  0D 0A 63 65 30 30 30 30 30 30 32 32 34 0D 0A 	"\r\nce000000224\r\n"
>> 4:19:23 |  63 62 0A 0A 	"cb\n\n"
>> 4:19:24 |  63 65 0A 0A 	"ce\n\n"
<< 4:19:24 |  63 62 30 30 30 30 30 30 30 30 30 0D 0A 63 65 30 30 30 30 30 31 30 31 34 0D 0A 	"cb000000000\r\nce000001014\r\n"
>> 4:19:24 |  63 62 0A 0A 	"cb\n\n"
<< 4:19:24 |  63 62 30 30 30 30 30 30 30 30 30 0D 0A 	"cb000000000\r\n"
>> 4:19:25 |  63 65 0A 0A 	"ce\n\n"
<< 4:19:25 |  63 65 30 30 30 30 30 31 31 31 36 0D 0A 	"ce000001116\r\n"
>> 4:19:25 |  63 62 0A 0A 	"cb\n\n"
<< 4:19:25 |  63 62 30 30 30 30 30 30 30 30 30 0D 0A 	"cb000000000\r\n"
>> 4:19:26 |  63 65 0A 0A 	"ce\n\n"
<< 4:19:26 |  63 65 30 30 30 30 30 31 33 33 36 0D 0A 	"ce000001336\r\n"
>> 4:19:26 |  63 62 0A 0A 	"cb\n\n"
<< 4:19:26 |  63 62 30 30 30 30 30 30 30 30 30 0D 0A 	"cb000000000\r\n"
>> 4:19:27 |  63 65 0A 0A 	"ce\n\n"
<< 4:19:27 |  63 65 30 30 30 30 30 31 38 31 38 0D 0A 	"ce000001818\r\n"
>> 4:19:27 |  63 62 0A 0A 	"cb\n\n"
<< 4:19:27 |  63 62 30 30 30 30 30 30 30 30 30 0D 0A 	"cb000000000\r\n"
>> 4:19:28 |  63 65 0A 0A 	"ce\n\n"
<< 4:19:28 |  63 65 30 30 30 30 30 31 38 31 38 0D 0A 	"ce000001818\r\n"
>> 4:19:28 |  63 62 0A 0A 	"cb\n\n"
>> 4:19:29 |  63 65 0A 0A 	"ce\n\n"
<< 4:19:29 |  63 62 30 30 30 30 30 30 30 30 30 0D 0A 63 65 30 30 30 30 30 30 36 31 33 0D 0A 	"cb000000000\r\nce000000613\r\n"
>> 4:19:29 |  63 62 0A 0A 	"cb\n\n"
<< 4:19:29 |  63 62 30 30 30 30 30 30 30 30 30 0D 0A 	"cb000000000\r\n"
>> 4:19:29 |  63 65 0A 0A 	"ce\n\n"
<< 4:19:29 |  63 65 30 30 30 30 30 30 30 30 30 0D 0A 	"ce000000000\r\n"
>> 4:19:29 |  63 62 0A 0A 	"cb\n\n"
>> 4:19:30 |  63 65 0A 0A 	"ce\n\n"
<< 4:19:30 |  63 62 30 30 30 30 30 30 30 30 30 0D 0A 63 65 30 30 30 30 30 30 30 30 30 0D 0A 	"cb000000000\r\nce000000000\r\n"
>> 4:19:30 |  63 62 0A 0A 	"cb\n\n"
<< 4:19:30 |  63 62 30 30 30 30 30 30 30 30 30 0D 0A 	"cb000000000\r\n"
>> 4:19:31 |  63 65 0A 0A 	"ce\n\n"
<< 4:19:31 |  63 65 30 30 30 30 30 30 30 30 30 0D 0A 	"ce000000000\r\n"
>> 4:19:31 |  63 62 0A 0A 	"cb\n\n"
<< 4:19:31 |  63 62 30 30 30 30 30 30 30 30 30 0D 0A 	"cb000000000\r\n"
>> 4:19:31 |  63 65 0A 0A 	"ce\n\n"
<< 4:19:31 |  63 65 30 30 30 30 30 30 30 30 30 0D 0A 	"ce000000000\r\n"
>> 4:19:32 |  63 62 0A 0A 	"cb\n\n"
<< 4:19:32 |  63 62 30 30 30 30 30 30 30 30 30 0D 0A 	"cb000000000\r\n"
>> 4:19:32 |  63 65 0A 0A 	"ce\n\n"
<< 4:19:32 |  63 65 30 30 30 30 30 30 30 30 30 0D 0A 	"ce000000000\r\n"
>> 4:19:32 |  63 62 0A 0A 	"cb\n\n"
>> 4:19:33 |  63 65 0A 0A 	"ce\n\n"
<< 4:19:33 |  63 62 30 30 30 30 30 30 30 30 30 0D 0A 63 65 30 30 30 30 30 30 30 30 30 0D 0A 	"cb000000000\r\nce000000000\r\n"
>> 4:19:33 |  63 62 0A 0A 	"cb\n\n"
<< 4:19:33 |  63 62 30 30 30 30 30 30 30 30 30 0D 0A 	"cb000000000\r\n"
>> 4:19:34 |  63 65 0A 0A 	"ce\n\n"
<< 4:19:34 |  63 65 30 30 30 30 30 30 30 30 30 0D 0A 	"ce000000000\r\n"
>> 4:19:34 |  63 62 0A 0A 	"cb\n\n"
<< 4:19:34 |  63 	"c"
>> 4:19:35 |  63 65 0A 0A 	"ce\n\n"
<< 4:19:35 |  62 30 30 30 30 30 30 30 30 30 0D 0A 63 65 30 30 30 30 30 30 30 30 30 0D 0A 	"b000000000\r\nce000000000\r\n"
>> 4:19:35 |  63 62 0A 0A 	"cb\n\n"
<< 4:19:35 |  63 	"c"
>> 4:19:36 |  63 65 0A 0A 	"ce\n\n"
<< 4:19:36 |  62 30 30 30 30 30 30 30 30 30 0D 0A 63 65 30 30 30 30 30 30 30 30 30 0D 0A 	"b000000000\r\nce000000000\r\n"
>> 4:19:36 |  63 62 0A 0A 	"cb\n\n"
<< 4:19:36 |  63 62 30 30 30 30 30 30 30 30 30 0D 0A 	"cb000000000\r\n"
>> 4:19:37 |  63 65 0A 0A 	"ce\n\n"
<< 4:19:37 |  63 65 30 30 30 30 30 30 33 37 39 0D 0A 	"ce000000379\r\n"
>> 4:19:37 |  63 62 0A 0A 	"cb\n\n"
<< 4:19:37 |  63 62 30 30 30 30 30 30 30 30 30 0D 0A 	"cb000000000\r\n"
>> 4:19:38 |  63 65 0A 0A 	"ce\n\n"
<< 4:19:38 |  63 65 30 30 30 30 30 30 36 35 35 0D 0A 	"ce000000655\r\n"
>> 4:19:38 |  63 62 0A 0A 	"cb\n\n"
<< 4:19:38 |  63 62 30 30 30 30 30 30 30 30 30 0D 0A 	"cb000000000\r\n"
>> 4:19:38 |  63 65 0A 0A 	"ce\n\n"
<< 4:19:38 |  63 65 30 30 30 30 30 31 32 31 30 0D 0A 	"ce000001210\r\n"
>> 4:19:38 |  63 62 0A 0A 	"cb\n\n"
>> 4:19:39 |  63 65 0A 0A 	"ce\n\n"
<< 4:19:39 |  63 62 30 30 30 30 30 30 30 30 30 0D 0A 63 65 30 30 30 30 30 31 32 31 30 0D 0A 	"cb000000000\r\nce000001210\r\n"
>> 4:19:39 |  63 62 0A 0A 	"cb\n\n"
<< 4:19:39 |  63 62 30 30 30 30 30 30 30 30 30 	"cb000000000"
>> 4:19:40 |  63 65 0A 0A 	"ce\n\n"
<< 4:19:40 |  0D 0A 63 65 30 30 30 30 30 30 30 39 38 0D 0A 	"\r\nce000000098\r\n"
>> 4:19:40 |  63 62 0A 0A 	"cb\n\n"
<< 4:19:40 |  63 62 30 30 30 30 30 30 30 30 30 0D 0A 	"cb000000000\r\n"
>> 4:19:41 |  63 65 0A 0A 	"ce\n\n"
<< 4:19:41 |  63 65 30 30 30 30 30 30 31 39 33 0D 0A 	"ce000000193\r\n"
>> 4:19:41 |  63 62 0A 0A 	"cb\n\n"
<< 4:19:41 |  63 62 30 30 30 30 30 30 30 30 30 0D 0A 	"cb000000000\r\n"
>> 4:19:42 |  63 65 0A 0A 	"ce\n\n"
<< 4:19:42 |  63 65 30 30 30 30 30 30 35 38 39 0D 0A 	"ce000000589\r\n"
>> 4:19:42 |  63 62 0A 0A 	"cb\n\n"
<< 4:19:42 |  63 62 30 30 30 30 30 30 30 30 30 0D 0A 	"cb000000000\r\n"
>> 4:19:42 |  63 65 0A 0A 	"ce\n\n"
<< 4:19:42 |  63 65 30 30 30 30 30 31 30 32 36 0D 0A 	"ce000001026\r\n"
>> 4:19:43 |  63 62 0A 0A 	"cb\n\n"
>> 4:19:43 |  63 65 0A 0A 	"ce\n\n"
<< 4:19:43 |  63 62 30 30 30 30 30 30 30 30 30 0D 0A 63 65 30 30 30 30 30 31 31 38 37 0D 0A 	"cb000000000\r\nce000001187\r\n"
>> 4:19:43 |  63 62 0A 0A 	"cb\n\n"
<< 4:19:43 |  63 62 30 30 30 30 30 30 30 30 30 0D 0A 	"cb000000000\r\n"
>> 4:19:44 |  63 65 0A 0A 	"ce\n\n"
<< 4:19:44 |  63 65 30 30 30 30 30 31 31 38 37 0D 0A 	"ce000001187\r\n"
>> 4:19:44 |  63 62 0A 0A 	"cb\n\n"
>> 4:19:45 |  63 65 0A 0A 	"ce\n\n"
<< 4:19:45 |  63 62 30 30 30 30 30 30 30 30 30 0D 0A 63 65 30 30 30 30 30 30 34 36 35 0D 0A 	"cb000000000\r\nce000000465\r\n"
>> 4:19:45 |  63 62 0A 0A 	"cb\n\n"
<< 4:19:45 |  63 	"c"
>> 4:19:46 |  63 65 0A 0A 	"ce\n\n"
<< 4:19:46 |  62 30 30 30 30 30 30 30 30 30 0D 0A 63 65 30 30 30 30 30 30 35 35 33 0D 0A 	"b000000000\r\nce000000553\r\n"
>> 4:19:46 |  63 62 0A 0A 	"cb\n\n"
<< 4:19:46 |  63 62 30 30 30 30 30 30 30 30 30 0D 0A 	"cb000000000\r\n"
>> 4:19:47 |  63 65 0A 0A 	"ce\n\n"
<< 4:19:47 |  63 65 30 30 30 30 30 31 32 32 32 0D 0A 	"ce000001222\r\n"
>> 4:19:47 |  63 62 0A 0A 	"cb\n\n"
<< 4:19:47 |  63 62 30 30 30 30 30 30 30 30 30 0D 0A 	"cb000000000\r\n"
>> 4:19:47 |  63 65 0A 0A 	"ce\n\n"
<< 4:19:47 |  63 65 30 30 30 30 30 31 34 31 33 0D 0A 	"ce000001413\r\n"
>> 4:19:47 |  63 62 0A 0A 	"cb\n\n"
<< 4:19:47 |  63 62 30 30 30 30 30 30 30 30 30 0D 0A 	"cb000000000\r\n"
>> 4:19:48 |  63 65 0A 0A 	"ce\n\n"
<< 4:19:48 |  63 65 30 30 30 30 30 31 34 31 33 0D 0A 	"ce000001413\r\n"
>> 4:19:48 |  63 62 0A 0A 	"cb\n\n"
>> 4:19:49 |  63 65 0A 0A 	"ce\n\n"
<< 4:19:49 |  63 62 30 30 30 30 30 30 30 30 30 0D 0A 63 65 30 30 30 30 30 30 31 34 30 0D 0A 	"cb000000000\r\nce000000140\r\n"
>> 4:19:49 |  63 62 0A 0A 	"cb\n\n"
<< 4:19:49 |  63 	"c"
>> 4:19:50 |  63 65 0A 0A 	"ce\n\n"
<< 4:19:50 |  62 30 30 30 30 30 30 30 30 30 0D 0A 63 65 30 30 30 30 30 30 31 39 30 0D 0A 	"b000000000\r\nce000000190\r\n"
>> 4:19:50 |  63 62 0A 0A 	"cb\n\n"
<< 4:19:50 |  63 62 30 30 30 30 30 30 30 30 30 0D 0A 	"cb000000000\r\n"
>> 4:19:51 |  63 65 0A 0A 	"ce\n\n"
<< 4:19:51 |  63 65 30 30 30 30 30 30 38 38 37 0D 0A 	"ce000000887\r\n"
>> 4:19:51 |  63 62 0A 0A 	"cb\n\n"
<< 4:19:51 |  63 62 30 30 30 30 30 30 30 30 30 0D 0A 	"cb000000000\r\n"
>> 4:19:52 |  63 65 0A 0A 	"ce\n\n"
<< 4:19:52 |  63 65 30 30 30 30 30 31 35 30 37 0D 0A 	"ce000001507\r\n"
>> 4:19:52 |  63 62 0A 0A 	"cb\n\n"
<< 4:19:52 |  63 62 30 30 30 30 30 30 30 30 30 0D 0A 	"cb000000000\r\n"
>> 4:19:52 |  63 65 0A 0A 	"ce\n\n"
<< 4:19:52 |  63 65 30 30 30 30 30 31 36 35 32 0D 0A 	"ce000001652\r\n"
>> 4:19:52 |  63 62 0A 0A 	"cb\n\n"
<< 4:19:52 |  63 62 30 30 30 30 30 30 30 30 30 0D 0A 	"cb000000000\r\n"
>> 4:19:53 |  62 66 20 20 31 30 30 30 30 30 30 0A 0A 	"bf  1000000\n\n"
<< 4:19:53 |  6F 6B 0D 0A 	"ok\r\n"
>> 4:19:53 |  63 65 0A 0A 	"ce\n\n"
<< 4:19:53 |  63 65 30 30 30 30 30 31 36 35 32 0D 0A 	"ce000001652\r\n"
>> 4:19:53 |  63 62 0A 0A 	"cb\n\n"
<< 4:19:53 |  63 	"c"
>> 4:19:54 |  63 65 0A 0A 	"ce\n\n"
<< 4:19:54 |  62 30 30 30 30 30 30 30 30 30 0D 0A 63 65 30 30 30 30 31 38 36 31 39 0D 0A 	"b000000000\r\nce000018619\r\n"
>> 4:19:54 |  63 62 0A 0A 	"cb\n\n"
>> 4:19:55 |  63 65 0A 0A 	"ce\n\n"
<< 4:19:55 |  63 62 30 30 30 30 30 30 30 30 30 0D 0A 63 65 30 30 30 30 32 34 31 33 37 0D 0A 	"cb000000000\r\nce000024137\r\n"
>> 4:19:55 |  63 62 0A 0A 	"cb\n\n"
<< 4:19:55 |  63 	"c"
>> 4:19:56 |  63 65 0A 0A 	"ce\n\n"
<< 4:19:56 |  62 30 30 30 30 30 30 30 30 30 0D 0A 63 65 30 30 30 30 35 39 34 33 37 0D 0A 	"b000000000\r\nce000059437\r\n"
>> 4:19:56 |  63 62 0A 0A 	"cb\n\n"
<< 4:19:56 |  63 62 30 30 30 30 30 30 30 30 30 0D 0A 	"cb000000000\r\n"
>> 4:19:57 |  63 65 0A 0A 	"ce\n\n"
<< 4:19:57 |  63 65 30 30 30 30 36 33 35 38 30 0D 0A 	"ce000063580\r\n"
>> 4:19:57 |  63 62 0A 0A 	"cb\n\n"
<< 4:19:57 |  63 62 30 30 30 30 30 30 30 30 30 0D 0A 	"cb000000000\r\n"
>> 4:19:58 |  63 65 0A 0A 	"ce\n\n"
<< 4:19:58 |  63 65 30 30 30 30 39 35 38 33 30 0D 0A 	"ce000095830\r\n"
>> 4:19:58 |  63 62 0A 0A 	"cb\n\n"
<< 4:19:58 |  63 62 30 30 30 30 30 30 30 30 30 0D 0A 	"cb000000000\r\n"
>> 4:19:58 |  63 65 0A 0A 	"ce\n\n"
<< 4:19:58 |  63 65 30 30 30 30 39 35 38 33 30 0D 0A 	"ce000095830\r\n"
>> 4:19:58 |  63 62 0A 0A 	"cb\n\n"
<< 4:19:58 |  63 62 30 30 30 30 30 30 30 30 30 0D 0A 	"cb000000000\r\n"
>> 4:19:59 |  63 65 0A 0A 	"ce\n\n"
<< 4:19:59 |  63 65 30 30 30 30 33 30 36 38 34 0D 0A 	"ce000030684\r\n"
>> 4:19:59 |  63 62 0A 0A 	"cb\n\n"
<< 4:19:59 |  63 	"c"
>> 4:20:00 |  63 65 0A 0A 	"ce\n\n"
<< 4:20:00 |  62 30 30 30 30 30 30 30 30 30 0D 0A 63 65 30 30 30 30 33 32 32 37 31 0D 0A 	"b000000000\r\nce000032271\r\n"
>> 4:20:00 |  63 62 0A 0A 	"cb\n\n"
<< 4:20:00 |  63 62 30 30 30 30 30 30 30 30 30 0D 0A 	"cb000000000\r\n"
>> 4:20:01 |  63 65 0A 0A 	"ce\n\n"
<< 4:20:01 |  63 65 30 30 30 30 36 38 35 37 33 0D 0A 	"ce000068573\r\n"
>> 4:20:01 |  63 62 0A 0A 	"cb\n\n"
<< 4:20:01 |  63 62 30 30 30 30 30 30 30 30 30 0D 	"cb000000000\r"
>> 4:20:02 |  63 65 0A 0A 	"ce\n\n"
<< 4:20:02 |  0A 63 65 30 30 30 30 36 38 35 37 33 0D 0A 	"\nce000068573\r\n"
>> 4:20:02 |  63 62 0A 0A 	"cb\n\n"
<< 4:20:02 |  63 62 30 30 30 30 30 30 30 30 30 0D 0A 	"cb000000000\r\n"
>> 4:20:03 |  63 65 0A 0A 	"ce\n\n"
<< 4:20:03 |  63 65 30 30 30 30 37 32 36 32 33 0D 0A 	"ce000072623\r\n"
>> 4:20:03 |  63 62 0A 0A 	"cb\n\n"
<< 4:20:03 |  63 	"c"
>> 4:20:03 |  63 65 0A 0A 	"ce\n\n"
<< 4:20:03 |  62 30 30 30 30 30 30 30 30 30 0D 0A 63 65 30 30 30 30 30 39 31 30 35 0D 0A 	"b000000000\r\nce000009105\r\n"
>> 4:20:04 |  63 62 0A 0A 	"cb\n\n"
>> 4:20:04 |  63 65 0A 0A 	"ce\n\n"
<< 4:20:04 |  63 62 30 30 30 30 30 30 30 30 30 0D 0A 63 65 30 30 30 30 33 39 34 32 36 0D 0A 	"cb000000000\r\nce000039426\r\n"
>> 4:20:05 |  63 62 0A 0A 	"cb\n\n"
<< 4:20:05 |  63 62 30 30 30 30 30 30 30 30 	"cb00000000"
>> 4:20:05 |  63 65 0A 0A 	"ce\n\n"
<< 4:20:05 |  30 0D 0A 63 65 30 30 30 30 34 33 37 34 30 0D 0A 	"0\r\nce000043740\r\n"
>> 4:20:05 |  63 62 0A 0A 	"cb\n\n"
<< 4:20:05 |  63 62 30 30 30 30 30 30 30 30 30 0D 0A 	"cb000000000\r\n"
>> 4:20:06 |  63 65 0A 0A 	"ce\n\n"
<< 4:20:06 |  63 65 30 30 30 30 37 37 39 32 37 0D 0A 	"ce000077927\r\n"
>> 4:20:06 |  63 62 0A 0A 	"cb\n\n"
<< 4:20:06 |  63 62 30 30 30 30 30 30 30 30 30 0D 0A 	"cb000000000\r\n"
>> 4:20:07 |  63 62 0A 0A 	"cb\n\n"
<< 4:20:07 |  63 62 30 30 30 30 30 30 30 30 30 0D 0A 	"cb000000000\r\n"
>> 4:20:07 |  63 63 0A 0A 	"cc\n\n"
<< 4:20:07 |  63 63 30 30 30 30 30 30 30 30 30 0D 0A 	"cc000000000\r\n"
>> 4:20:08 |  63 62 0A 0A 	"cb\n\n"
<< 4:20:08 |  63 62 30 30 30 30 30 30 30 30 30 0D 0A 	"cb000000000\r\n"
>> 4:20:08 |  63 63 0A 0A 	"cc\n\n"
<< 4:20:08 |  63 	"c"
>> 4:20:09 |  63 62 0A 0A 	"cb\n\n"
<< 4:20:09 |  63 30 30 30 30 37 34 34 37 31 0D 0A 63 62 30 30 30 30 30 30 30 30 30 0D 0A 	"c000074471\r\ncb000000000\r\n"
>> 4:20:09 |  63 63 0A 0A 	"cc\n\n"
<< 4:20:09 |  63 63 30 30 30 30 35 37 36 33 32 0D 0A 	"cc000057632\r\n"
>> 4:20:10 |  63 62 0A 0A 	"cb\n\n"
<< 4:20:10 |  63 62 30 30 30 30 30 30 30 30 30 0D 0A 	"cb000000000\r\n"
>> 4:20:10 |  63 63 0A 0A 	"cc\n\n"
<< 4:20:10 |  63 	"c"
>> 4:20:10 |  63 62 0A 0A 	"cb\n\n"
<< 4:20:10 |  63 30 30 30 30 39 34 36 32 39 0D 0A 63 62 30 30 30 30 30 30 30 30 30 0D 0A 	"c000094629\r\ncb000000000\r\n"
>> 4:20:10 |  63 63 0A 0A 	"cc\n\n"
<< 4:20:10 |  63 63 30 30 30 30 36 30 39 39 34 0D 0A 	"cc000060994\r\n"
>> 4:20:11 |  63 62 0A 0A 	"cb\n\n"
<< 4:20:11 |  63 62 30 30 30 30 30 30 30 30 30 0D 0A 	"cb000000000\r\n"
>> 4:20:11 |  63 63 0A 0A 	"cc\n\n"
<< 4:20:11 |  63 63 30 30 30 30 37 31 30 33 36 0D 0A 	"cc000071036\r\n"
>> 4:20:12 |  63 62 0A 0A 	"cb\n\n"
<< 4:20:12 |  63 62 30 30 30 30 30 30 30 30 30 0D 0A 	"cb000000000\r\n"
>> 4:20:12 |  63 63 0A 0A 	"cc\n\n"
<< 4:20:12 |  63 63 30 30 30 30 38 37 38 37 33 0D 0A 	"cc000087873\r\n"
>> 4:20:13 |  63 62 0A 0A 	"cb\n\n"
<< 4:20:13 |  63 62 30 30 30 30 30 30 30 30 30 0D 0A 	"cb000000000\r\n"
>> 4:20:13 |  63 63 0A 0A 	"cc\n\n"
<< 4:20:13 |  63 	"c"
>> 4:20:14 |  63 62 0A 0A 	"cb\n\n"
<< 4:20:14 |  63 30 30 30 30 36 34 33 35 32 0D 0A 63 62 30 30 30 30 30 30 30 30 30 0D 0A 	"c000064352\r\ncb000000000\r\n"
>> 4:20:14 |  63 63 0A 0A 	"cc\n\n"
<< 4:20:14 |  63 63 30 30 30 30 36 30 39 39 32 0D 0A 	"cc000060992\r\n"
>> 4:20:15 |  63 62 0A 0A 	"cb\n\n"
<< 4:20:15 |  63 62 30 30 30 30 30 30 30 30 30 0D 0A 	"cb000000000\r\n"
>> 4:20:15 |  63 63 0A 0A 	"cc\n\n"
<< 4:20:15 |  63 	"c"
>> 4:20:15 |  63 62 0A 0A 	"cb\n\n"
<< 4:20:15 |  63 30 30 30 30 38 37 38 37 32 0D 0A 63 62 30 30 30 30 30 30 30 30 30 0D 0A 	"c000087872\r\ncb000000000\r\n"
>> 4:20:15 |  63 63 0A 0A 	"cc\n\n"
<< 4:20:15 |  63 63 30 30 30 30 36 30 39 39 32 0D 0A 	"cc000060992\r\n"
>> 4:20:16 |  63 62 0A 0A 	"cb\n\n"
<< 4:20:16 |  63 62 30 30 30 30 30 30 30 	"cb0000000"
>> 4:20:16 |  63 63 0A 0A 	"cc\n\n"
<< 4:20:16 |  30 30 0D 0A 63 63 30 30 30 30 37 37 38 33 31 0D 0A 	"00\r\ncc000077831\r\n"
>> 4:20:17 |  63 62 0A 0A 	"cb\n\n"
<< 4:20:17 |  63 62 30 30 30 30 30 30 30 30 30 0D 0A 	"cb000000000\r\n"
>> 4:20:18 |  63 62 0A 0A 	"cb\n\n"
<< 4:20:18 |  63 62 30 30 30 30 30 30 30 30 30 0D 0A 	"cb000000000\r\n"
>> 4:20:19 |  63 62 0A 0A 	"cb\n\n"
<< 4:20:19 |  63 62 30 30 30 30 30 30 30 30 30 0D 0A 	"cb000000000\r\n"
>> 4:20:19 |  62 63 0A 0A 	"bc\n\n"
<< 4:20:19 |  6F 6B 0D 0A 	"ok\r\n"
>> 4:20:20 |  63 62 0A 0A 	"cb\n\n"
<< 4:20:20 |  63 62 30 30 30 30 30 30 30 30 30 0D 0A 	"cb000000000\r\n"
>> 4:20:20 |  63 62 0A 0A 	"cb\n\n"
<< 4:20:20 |  63 62 30 30 30 30 30 30 30 30 30 0D 0A 	"cb000000000\r\n"
>> 4:20:21 |  63 62 0A 0A 	"cb\n\n"
<< 4:20:21 |  63 62 30 30 30 30 30 30 30 30 30 0D 0A 	"cb000000000\r\n"
>> 4:20:22 |  63 62 0A 0A 	"cb\n\n"
<< 4:20:22 |  63 62 30 30 30 30 30 30 30 30 30 0D 0A 	"cb000000000\r\n"
>> 4:20:23 |  63 62 0A 0A 	"cb\n\n"
<< 4:20:23 |  63 62 30 30 30 30 30 30 30 30 30 0D 0A 	"cb000000000\r\n"
>> 4:20:24 |  63 62 0A 0A 	"cb\n\n"
<< 4:20:24 |  63 62 30 30 30 30 30 30 30 30 30 0D 0A 	"cb000000000\r\n"
>> 4:20:25 |  63 62 0A 0A 	"cb\n\n"
<< 4:20:25 |  63 62 30 30 30 30 30 30 30 30 30 0D 0A 	"cb000000000\r\n"
>> 4:20:25 |  63 62 0A 0A 	"cb\n\n"
<< 4:20:25 |  63 62 30 30 30 30 30 30 30 30 30 0D 0A 	"cb000000000\r\n"
>> 4:20:26 |  63 62 0A 0A 	"cb\n\n"
<< 4:20:26 |  63 62 30 30 30 30 30 30 30 30 30 0D 0A 	"cb000000000\r\n"
>> 4:20:27 |  63 62 0A 0A 	"cb\n\n"
<< 4:20:27 |  63 62 30 30 30 30 30 30 30 30 30 0D 0A 	"cb000000000\r\n"
>> 4:20:28 |  63 62 0A 0A 	"cb\n\n"
<< 4:20:28 |  63 62 30 30 30 30 30 30 30 30 30 0D 0A 	"cb000000000\r\n"
>> 4:20:29 |  63 62 0A 0A 	"cb\n\n"
<< 4:20:29 |  63 62 30 30 30 30 30 30 30 30 30 0D 0A 	"cb000000000\r\n"
>> 4:20:30 |  63 62 0A 0A 	"cb\n\n"
<< 4:20:30 |  63 62 30 30 30 30 30 30 30 30 30 0D 0A 	"cb000000000\r\n"
>> 4:20:31 |  63 62 0A 0A 	"cb\n\n"
<< 4:20:31 |  63 62 30 30 30 30 30 30 30 30 30 0D 0A 	"cb000000000\r\n"
>> 4:20:31 |  63 62 0A 0A 	"cb\n\n"
<< 4:20:31 |  63 62 30 30 30 30 35 30 38 31 36 0D 0A 	"cb000050816\r\n"
>> 4:20:32 |  63 62 0A 0A 	"cb\n\n"
<< 4:20:32 |  63 62 30 30 30 30 32 38 32 34 30 0D 0A 	"cb000028240\r\n"
>> 4:20:33 |  63 62 0A 0A 	"cb\n\n"
<< 4:20:33 |  63 62 30 30 30 30 30 30 30 30 30 0D 0A 	"cb000000000\r\n"
>> 4:20:34 |  63 62 0A 0A 	"cb\n\n"
<< 4:20:34 |  63 62 30 30 30 30 30 30 30 30 30 0D 0A 	"cb000000000\r\n"
